23:57:14.453 [main] INFO  org.example.InfoReporter - ### Reading Environment Properties File ###
23:57:14.459 [main] INFO  org.example.InfoReporter - SetUp the Browser
23:57:17.193 [main] INFO  org.example.InfoReporter - Staring MainTask - HomePage
23:57:17.195 [main] INFO  org.example.InfoReporter - +++Setting Up Factory+++
23:57:31.866 [main] INFO  org.example.InfoReporter - ### Reading Environment Properties File ###
23:57:31.875 [main] INFO  org.example.InfoReporter - SetUp the Browser
23:57:35.162 [main] INFO  org.example.InfoReporter - Staring MainTask - HomePage
23:57:35.165 [main] INFO  org.example.InfoReporter - +++Setting Up Factory+++
23:57:53.171 [main] INFO  org.example.InfoReporter - Test: login - [Starting...]
23:57:53.172 [main] WARN  org.example.InfoReporter - Test: login - [SKIPPED]
23:57:53.173 [main] INFO  org.example.InfoReporter - Test: accessToAgreementListTest - [Starting...]
23:57:53.173 [main] WARN  org.example.InfoReporter - Test: accessToAgreementListTest - [SKIPPED]
23:57:53.177 [main] INFO  org.example.InfoReporter - Test: changeToCreateAgreementTest - [Starting...]
23:57:53.177 [main] WARN  org.example.InfoReporter - Test: changeToCreateAgreementTest - [SKIPPED]
23:57:53.178 [main] INFO  org.example.InfoReporter - Test: fillCostumerMadCodeTes - [Starting...]
23:57:53.178 [main] WARN  org.example.InfoReporter - Test: fillCostumerMadCodeTes - [SKIPPED]
23:57:53.179 [main] INFO  org.example.InfoReporter - Test: fillAllFields - [Starting...]
23:57:53.180 [main] WARN  org.example.InfoReporter - Test: fillAllFields - [SKIPPED]
00:00:00.303 [main] INFO  org.example.InfoReporter - ### Reading Environment Properties File ###
00:00:00.309 [main] INFO  org.example.InfoReporter - SetUp the Browser
00:00:03.793 [main] INFO  org.example.InfoReporter - Staring MainTask - HomePage
00:00:03.796 [main] INFO  org.example.InfoReporter - +++Setting Up Factory+++
00:00:22.580 [main] INFO  org.example.InfoReporter - Test: login - [Starting...]
00:00:22.580 [main] WARN  org.example.InfoReporter - Test: login - [SKIPPED]
00:00:22.582 [main] INFO  org.example.InfoReporter - Test: accessToAgreementListTest - [Starting...]
00:00:22.582 [main] WARN  org.example.InfoReporter - Test: accessToAgreementListTest - [SKIPPED]
00:00:22.585 [main] INFO  org.example.InfoReporter - Test: changeToCreateAgreementTest - [Starting...]
00:00:22.586 [main] WARN  org.example.InfoReporter - Test: changeToCreateAgreementTest - [SKIPPED]
00:00:22.587 [main] INFO  org.example.InfoReporter - Test: fillCostumerMadCodeTes - [Starting...]
00:00:22.587 [main] WARN  org.example.InfoReporter - Test: fillCostumerMadCodeTes - [SKIPPED]
00:00:22.588 [main] INFO  org.example.InfoReporter - Test: fillAllFields - [Starting...]
00:00:22.588 [main] WARN  org.example.InfoReporter - Test: fillAllFields - [SKIPPED]
00:02:09.449 [main] INFO  org.example.InfoReporter - ### Reading Environment Properties File ###
00:02:09.454 [main] INFO  org.example.InfoReporter - SetUp the Browser
00:02:12.386 [main] INFO  org.example.InfoReporter - Staring MainTask - HomePage
00:02:12.387 [main] INFO  org.example.InfoReporter - +++Setting Up Factory+++
00:02:31.514 [main] INFO  org.example.InfoReporter - Test: accessToAgreementListTest - [Starting...]
00:02:31.515 [main] WARN  org.example.InfoReporter - Test: accessToAgreementListTest - [SKIPPED]
00:02:31.515 [main] INFO  org.example.InfoReporter - Test: accessToAgreementListTest - [FAIL]
00:02:31.515 [main] INFO  org.example.InfoReporter - Taking a screenshot: 
00:07:17.274 [main] INFO  org.example.InfoReporter - ### Reading Environment Properties File ###
00:07:17.279 [main] INFO  org.example.InfoReporter - SetUp the Browser
00:07:20.172 [main] INFO  org.example.InfoReporter - Staring MainTask - HomePage
00:07:20.173 [main] INFO  org.example.InfoReporter - +++Setting Up Factory+++
00:07:38.280 [main] INFO  org.example.InfoReporter - Test: accessToAgreementListTest - [Starting...]
00:07:38.280 [main] WARN  org.example.InfoReporter - Test: accessToAgreementListTest - [SKIPPED]
00:07:38.280 [main] INFO  org.example.InfoReporter - Test: accessToAgreementListTest - [FAIL]
00:07:38.281 [main] INFO  org.example.InfoReporter - Taking a screenshot: 
00:10:59.884 [main] INFO  org.example.InfoReporter - ### Reading Environment Properties File ###
00:10:59.889 [main] INFO  org.example.InfoReporter - SetUp the Browser
00:11:02.821 [main] INFO  org.example.InfoReporter - Staring MainTask - HomePage
00:11:02.822 [main] INFO  org.example.InfoReporter - +++Setting Up Factory+++
00:11:22.159 [main] INFO  org.example.InfoReporter - Test: accessToAgreementListTest - [Starting...]
00:11:22.159 [main] WARN  org.example.InfoReporter - Test: accessToAgreementListTest - [SKIPPED]
00:11:22.159 [main] INFO  org.example.InfoReporter - Test: accessToAgreementListTest - [FAIL]
00:11:22.160 [main] INFO  org.example.InfoReporter - Taking a screenshot: 
00:15:37.464 [main] INFO  org.example.InfoReporter - ### Reading Environment Properties File ###
00:15:37.469 [main] INFO  org.example.InfoReporter - SetUp the Browser
00:15:40.218 [main] INFO  org.example.InfoReporter - Staring MainTask - HomePage
00:15:40.220 [main] INFO  org.example.InfoReporter - +++Setting Up Factory+++
00:16:00.280 [main] INFO  org.example.InfoReporter - Test: accessToAgreementListTest - [Starting...]
00:16:00.280 [main] INFO  org.example.InfoReporter - Test: accessToAgreementListTest - [FAIL]
00:16:00.280 [main] INFO  org.example.InfoReporter - Taking a screenshot: 
00:16:52.889 [main] INFO  org.example.InfoReporter - ### Reading Environment Properties File ###
00:16:52.900 [main] INFO  org.example.InfoReporter - SetUp the Browser
00:16:56.668 [main] INFO  org.example.InfoReporter - Staring MainTask - HomePage
00:16:56.670 [main] INFO  org.example.InfoReporter - +++Setting Up Factory+++
00:17:16.259 [main] INFO  org.example.InfoReporter - Test: accessToAgreementListTest - [Starting...]
00:17:16.260 [main] INFO  org.example.InfoReporter - Test: accessToAgreementListTest - [FAIL]
00:17:16.260 [main] INFO  org.example.InfoReporter - Taking a screenshot: 
00:30:36.144 [main] INFO  org.example.InfoReporter - ### Reading Environment Properties File ###
00:30:36.150 [main] INFO  org.example.InfoReporter - SetUp the Browser
00:30:38.908 [main] INFO  org.example.InfoReporter - Starting MainTask - HomePage
00:30:38.909 [main] INFO  org.example.InfoReporter - +++Setting Up Factory+++
00:30:57.613 [main] INFO  org.example.InfoReporter - Test: accessToAgreementListTest - [Starting...]
00:30:57.614 [main] WARN  org.example.InfoReporter - Test: accessToAgreementListTest - [SKIPPED]
00:30:57.614 [main] INFO  org.example.InfoReporter - Taking a screenshot: 
00:30:57.614 [main] INFO  org.example.InfoReporter - Test: accessToAgreementListTest - [FAIL]
00:30:57.614 [main] INFO  org.example.InfoReporter - Taking a screenshot: 
00:40:22.805 [main] INFO  org.example.InfoReporter - ### Reading Environment Properties File ###
00:40:22.810 [main] INFO  org.example.InfoReporter - SetUp the Browser
00:40:25.577 [main] INFO  org.example.InfoReporter - Staring MainTask - HomePage
00:40:25.579 [main] INFO  org.example.InfoReporter - +++Setting Up Factory+++
00:40:27.931 [main] INFO  org.example.InfoReporter - Test: accessToAgreementListTest - [Starting...]
00:40:27.931 [main] WARN  org.example.InfoReporter - Test: accessToAgreementListTest - [SKIPPED]
00:40:27.931 [main] INFO  org.example.InfoReporter - Taking a screenshot: 
00:40:27.931 [main] INFO  org.example.InfoReporter - Driver doesn't support snapshots.
00:40:27.935 [main] INFO  org.example.InfoReporter - Test: changeToCreateAgreementTest - [Starting...]
00:40:27.935 [main] WARN  org.example.InfoReporter - Test: changeToCreateAgreementTest - [SKIPPED]
00:40:27.935 [main] INFO  org.example.InfoReporter - Taking a screenshot: 
00:40:27.935 [main] INFO  org.example.InfoReporter - Driver doesn't support snapshots.
00:40:27.937 [main] INFO  org.example.InfoReporter - Test: fillCostumerMadCodeTes - [Starting...]
00:40:27.937 [main] WARN  org.example.InfoReporter - Test: fillCostumerMadCodeTes - [SKIPPED]
00:40:27.937 [main] INFO  org.example.InfoReporter - Taking a screenshot: 
00:40:27.938 [main] INFO  org.example.InfoReporter - Driver doesn't support snapshots.
00:40:27.939 [main] INFO  org.example.InfoReporter - Test: fillAllFields - [Starting...]
00:40:27.939 [main] WARN  org.example.InfoReporter - Test: fillAllFields - [SKIPPED]
00:40:27.939 [main] INFO  org.example.InfoReporter - Taking a screenshot: 
00:40:27.940 [main] INFO  org.example.InfoReporter - Driver doesn't support snapshots.
00:40:37.950 [main] INFO  org.example.InfoReporter - ### Reading Environment Properties File ###
00:40:37.955 [main] INFO  org.example.InfoReporter - SetUp the Browser
00:40:40.711 [main] INFO  org.example.InfoReporter - Staring MainTask - HomePage
00:40:40.714 [main] INFO  org.example.InfoReporter - +++Setting Up Factory+++
00:40:43.295 [main] INFO  org.example.InfoReporter - Test: accessToAgreementListTest - [Starting...]
00:40:43.296 [main] WARN  org.example.InfoReporter - Test: accessToAgreementListTest - [SKIPPED]
00:40:43.296 [main] INFO  org.example.InfoReporter - Taking a screenshot: 
00:40:43.296 [main] INFO  org.example.InfoReporter - Driver doesn't support snapshots.
00:40:43.301 [main] INFO  org.example.InfoReporter - Test: changeToCreateAgreementTest - [Starting...]
00:40:43.301 [main] WARN  org.example.InfoReporter - Test: changeToCreateAgreementTest - [SKIPPED]
00:40:43.301 [main] INFO  org.example.InfoReporter - Taking a screenshot: 
00:40:43.301 [main] INFO  org.example.InfoReporter - Driver doesn't support snapshots.
00:40:43.302 [main] INFO  org.example.InfoReporter - Test: fillCostumerMadCodeTes - [Starting...]
00:40:43.303 [main] WARN  org.example.InfoReporter - Test: fillCostumerMadCodeTes - [SKIPPED]
00:40:43.303 [main] INFO  org.example.InfoReporter - Taking a screenshot: 
00:40:43.303 [main] INFO  org.example.InfoReporter - Driver doesn't support snapshots.
00:40:43.304 [main] INFO  org.example.InfoReporter - Test: fillAllFields - [Starting...]
00:40:43.304 [main] WARN  org.example.InfoReporter - Test: fillAllFields - [SKIPPED]
00:40:43.305 [main] INFO  org.example.InfoReporter - Taking a screenshot: 
00:40:43.305 [main] INFO  org.example.InfoReporter - Driver doesn't support snapshots.
00:41:34.909 [main] INFO  org.example.InfoReporter - ### Reading Environment Properties File ###
00:41:34.915 [main] INFO  org.example.InfoReporter - SetUp the Browser
00:41:37.611 [main] INFO  org.example.InfoReporter - Staring MainTask - HomePage
00:41:37.613 [main] INFO  org.example.InfoReporter - +++Setting Up Factory+++
00:41:57.710 [main] INFO  org.example.InfoReporter - ### Reading Environment Properties File ###
00:41:57.717 [main] INFO  org.example.InfoReporter - SetUp the Browser
00:42:00.752 [main] INFO  org.example.InfoReporter - Staring MainTask - HomePage
00:42:00.888 [main] INFO  org.example.InfoReporter - +++Setting Up Factory+++
00:42:24.050 [main] INFO  org.example.InfoReporter - Test: accessToAgreementListTest - [Starting...]
00:42:24.051 [main] WARN  org.example.InfoReporter - Test: accessToAgreementListTest - [SKIPPED]
00:42:24.051 [main] INFO  org.example.InfoReporter - Taking a screenshot: 
00:42:24.051 [main] INFO  org.example.InfoReporter - Driver doesn't support snapshots.
00:42:24.054 [main] INFO  org.example.InfoReporter - Test: changeToCreateAgreementTest - [Starting...]
00:42:24.054 [main] WARN  org.example.InfoReporter - Test: changeToCreateAgreementTest - [SKIPPED]
00:42:24.054 [main] INFO  org.example.InfoReporter - Taking a screenshot: 
00:42:24.054 [main] INFO  org.example.InfoReporter - Driver doesn't support snapshots.
00:42:24.056 [main] INFO  org.example.InfoReporter - Test: fillCostumerMadCodeTes - [Starting...]
00:42:24.056 [main] WARN  org.example.InfoReporter - Test: fillCostumerMadCodeTes - [SKIPPED]
00:42:24.056 [main] INFO  org.example.InfoReporter - Taking a screenshot: 
00:42:24.056 [main] INFO  org.example.InfoReporter - Driver doesn't support snapshots.
00:42:24.057 [main] INFO  org.example.InfoReporter - Test: fillAllFields - [Starting...]
00:42:24.057 [main] WARN  org.example.InfoReporter - Test: fillAllFields - [SKIPPED]
00:42:24.058 [main] INFO  org.example.InfoReporter - Taking a screenshot: 
00:42:24.058 [main] INFO  org.example.InfoReporter - Driver doesn't support snapshots.
00:43:04.614 [main] INFO  org.example.InfoReporter - ### Reading Environment Properties File ###
00:43:04.619 [main] INFO  org.example.InfoReporter - SetUp the Browser
00:43:12.345 [main] INFO  org.example.InfoReporter - Staring MainTask - HomePage
00:43:12.357 [main] INFO  org.example.InfoReporter - +++Setting Up Factory+++
00:43:31.832 [main] INFO  org.example.InfoReporter - Test: accessToAgreementListTest - [Starting...]
00:43:31.832 [main] WARN  org.example.InfoReporter - Test: accessToAgreementListTest - [SKIPPED]
00:43:31.832 [main] INFO  org.example.InfoReporter - Taking a screenshot: 
00:43:31.832 [main] INFO  org.example.InfoReporter - Driver doesn't support snapshots.
00:43:31.835 [main] INFO  org.example.InfoReporter - Test: changeToCreateAgreementTest - [Starting...]
00:43:31.835 [main] WARN  org.example.InfoReporter - Test: changeToCreateAgreementTest - [SKIPPED]
00:43:31.835 [main] INFO  org.example.InfoReporter - Taking a screenshot: 
00:43:31.835 [main] INFO  org.example.InfoReporter - Driver doesn't support snapshots.
00:43:31.837 [main] INFO  org.example.InfoReporter - Test: fillCostumerMadCodeTes - [Starting...]
00:43:31.837 [main] WARN  org.example.InfoReporter - Test: fillCostumerMadCodeTes - [SKIPPED]
00:43:31.837 [main] INFO  org.example.InfoReporter - Taking a screenshot: 
00:43:31.837 [main] INFO  org.example.InfoReporter - Driver doesn't support snapshots.
00:43:31.838 [main] INFO  org.example.InfoReporter - Test: fillAllFields - [Starting...]
00:43:31.838 [main] WARN  org.example.InfoReporter - Test: fillAllFields - [SKIPPED]
00:43:31.838 [main] INFO  org.example.InfoReporter - Taking a screenshot: 
00:43:31.838 [main] INFO  org.example.InfoReporter - Driver doesn't support snapshots.
00:51:52.166 [main] INFO  org.example.InfoReporter - ### Reading Environment Properties File ###
00:51:52.172 [main] INFO  org.example.InfoReporter - SetUp the Browser
00:51:56.229 [main] INFO  org.example.InfoReporter - Staring MainTask - HomePage
00:51:56.369 [main] INFO  org.example.InfoReporter - +++Setting Up Factory+++
00:52:15.391 [main] INFO  org.example.InfoReporter - Test: accessToAgreementListTest - [Starting...]
00:52:15.392 [main] WARN  org.example.InfoReporter - Test: accessToAgreementListTest - [SKIPPED]
00:52:15.392 [main] INFO  org.example.InfoReporter - Taking a screenshot: 
00:52:15.392 [main] INFO  org.example.InfoReporter - Test: accessToAgreementListTest - [FAIL]
00:52:15.392 [main] INFO  org.example.InfoReporter - Taking a screenshot: 
00:54:43.646 [main] INFO  org.example.InfoReporter - ### Reading Environment Properties File ###
00:54:43.653 [main] INFO  org.example.InfoReporter - SetUp the Browser
00:54:46.607 [main] INFO  org.example.InfoReporter - Staring MainTask - HomePage
00:54:46.740 [main] INFO  org.example.InfoReporter - +++Setting Up Factory+++
00:55:05.249 [main] INFO  org.example.InfoReporter - Test: accessToAgreementListTest - [Starting...]
00:55:05.250 [main] WARN  org.example.InfoReporter - Test: accessToAgreementListTest - [SKIPPED]
00:55:05.250 [main] INFO  org.example.InfoReporter - Taking a screenshot: 
00:55:05.250 [main] INFO  org.example.InfoReporter - Test: accessToAgreementListTest - [FAIL]
00:55:05.250 [main] INFO  org.example.InfoReporter - Taking a screenshot: 
00:58:08.534 [main] INFO  org.example.InfoReporter - ### Reading Environment Properties File ###
00:58:08.541 [main] INFO  org.example.InfoReporter - SetUp the Browser
00:58:11.165 [main] INFO  org.example.InfoReporter - Staring MainTask - HomePage
00:58:11.302 [main] INFO  org.example.InfoReporter - +++Setting Up Factory+++
00:58:30.337 [main] INFO  org.example.InfoReporter - Test: accessToAgreementListTest - [Starting...]
00:58:30.337 [main] WARN  org.example.InfoReporter - Test: accessToAgreementListTest - [SKIPPED]
00:58:30.337 [main] INFO  org.example.InfoReporter - Taking a screenshot: 
00:58:30.337 [main] INFO  org.example.InfoReporter - Test: accessToAgreementListTest - [FAIL]
00:58:30.337 [main] INFO  org.example.InfoReporter - Taking a screenshot: 
00:59:41.673 [main] INFO  org.example.InfoReporter - ### Reading Environment Properties File ###
00:59:41.678 [main] INFO  org.example.InfoReporter - SetUp the Browser
00:59:44.303 [main] INFO  org.example.InfoReporter - Staring MainTask - HomePage
00:59:44.428 [main] INFO  org.example.InfoReporter - Taking a screenshot: 
00:59:44.622 [main] INFO  org.example.InfoReporter - +++Setting Up Factory+++
00:59:51.943 [main] INFO  org.example.InfoReporter - Test: accessToAgreementListTest - [Starting...]
00:59:51.943 [main] WARN  org.example.InfoReporter - Test: accessToAgreementListTest - [SKIPPED]
00:59:51.944 [main] INFO  org.example.InfoReporter - Taking a screenshot: 
00:59:51.944 [main] INFO  org.example.InfoReporter - Test: accessToAgreementListTest - [FAIL]
00:59:51.944 [main] INFO  org.example.InfoReporter - Taking a screenshot: 
01:00:25.282 [main] INFO  org.example.InfoReporter - ### Reading Environment Properties File ###
01:00:25.287 [main] INFO  org.example.InfoReporter - SetUp the Browser
01:00:28.124 [main] INFO  org.example.InfoReporter - Staring MainTask - HomePage
01:00:28.242 [main] INFO  org.example.InfoReporter - Taking a screenshot: 
01:00:28.402 [main] INFO  org.example.InfoReporter - +++Setting Up Factory+++
01:00:46.932 [main] INFO  org.example.InfoReporter - Test: accessToAgreementListTest - [Starting...]
01:00:46.933 [main] WARN  org.example.InfoReporter - Test: accessToAgreementListTest - [SKIPPED]
01:00:46.933 [main] INFO  org.example.InfoReporter - Taking a screenshot: 
01:00:46.933 [main] INFO  org.example.InfoReporter - Test: accessToAgreementListTest - [FAIL]
01:00:46.933 [main] INFO  org.example.InfoReporter - Taking a screenshot: 
01:03:29.399 [main] INFO  org.example.InfoReporter - ### Reading Environment Properties File ###
01:03:29.404 [main] INFO  org.example.InfoReporter - SetUp the Browser
01:03:32.360 [main] INFO  org.example.InfoReporter - Staring MainTask - HomePage
01:03:32.493 [main] INFO  org.example.InfoReporter - Taking a screenshot: 
01:03:32.496 [main] INFO  org.example.InfoReporter - +++Setting Up Factory+++
01:03:35.392 [main] INFO  org.example.InfoReporter - Failed to catch the snapshot: src\docs\errorsnapshots\Login20231012010335.png (The system cannot find the path specified)
01:03:51.321 [main] INFO  org.example.InfoReporter - Test: accessToAgreementListTest - [Starting...]
01:03:51.321 [main] WARN  org.example.InfoReporter - Test: accessToAgreementListTest - [SKIPPED]
01:03:51.321 [main] INFO  org.example.InfoReporter - Taking a screenshot: 
01:03:51.322 [main] INFO  org.example.InfoReporter - Test: accessToAgreementListTest - [FAIL]
01:03:51.322 [main] INFO  org.example.InfoReporter - Taking a screenshot: 
01:04:16.945 [main] INFO  org.example.InfoReporter - ### Reading Environment Properties File ###
01:04:16.953 [main] INFO  org.example.InfoReporter - SetUp the Browser
01:04:19.635 [main] INFO  org.example.InfoReporter - Staring MainTask - HomePage
01:04:19.754 [main] INFO  org.example.InfoReporter - Taking a screenshot: 
01:04:19.757 [main] INFO  org.example.InfoReporter - +++Setting Up Factory+++
01:04:22.569 [main] INFO  org.example.InfoReporter - Snapshot name: Login20231012010422.png
01:04:38.916 [main] INFO  org.example.InfoReporter - Test: accessToAgreementListTest - [Starting...]
01:04:38.916 [main] WARN  org.example.InfoReporter - Test: accessToAgreementListTest - [SKIPPED]
01:04:38.916 [main] INFO  org.example.InfoReporter - Taking a screenshot: 
01:04:38.916 [main] INFO  org.example.InfoReporter - Test: accessToAgreementListTest - [FAIL]
01:04:38.917 [main] INFO  org.example.InfoReporter - Taking a screenshot: 
01:05:41.707 [main] INFO  org.example.InfoReporter - ### Reading Environment Properties File ###
01:05:41.712 [main] INFO  org.example.InfoReporter - SetUp the Browser
01:05:44.418 [main] INFO  org.example.InfoReporter - Staring MainTask - HomePage
01:05:44.541 [main] INFO  org.example.InfoReporter - Taking a screenshot: 
01:05:44.544 [main] INFO  org.example.InfoReporter - +++Setting Up Factory+++
01:06:02.679 [main] INFO  org.example.InfoReporter - Test: accessToAgreementListTest - [Starting...]
01:06:02.680 [main] WARN  org.example.InfoReporter - Test: accessToAgreementListTest - [SKIPPED]
01:06:02.680 [main] INFO  org.example.InfoReporter - Taking a screenshot: 
01:06:02.680 [main] INFO  org.example.InfoReporter - Test: accessToAgreementListTest - [FAIL]
01:06:02.680 [main] INFO  org.example.InfoReporter - Taking a screenshot: 
01:06:02.968 [main] INFO  org.example.InfoReporter - Snapshot name: Login20231012010602.png
01:09:12.999 [main] INFO  org.example.InfoReporter - ### Reading Environment Properties File ###
01:09:13.005 [main] INFO  org.example.InfoReporter - SetUp the Browser
01:09:15.790 [main] INFO  org.example.InfoReporter - Staring MainTask - HomePage
01:09:15.907 [main] INFO  org.example.InfoReporter - Taking a screenshot: 
01:09:15.910 [main] INFO  org.example.InfoReporter - +++Setting Up Factory+++
01:09:25.240 [main] INFO  org.example.InfoReporter - +++Setting Up Factory+++
01:09:25.275 [main] INFO  org.example.InfoReporter - Test: accessToAgreementListTest - [Starting...]
01:09:25.276 [main] INFO  org.example.InfoReporter - TEST-> Correct Access to OBI
01:09:25.276 [main] INFO  org.example.InfoReporter - Loading Wait...
01:09:32.298 [main] INFO  org.example.InfoReporter - Test: accessToAgreementListTest - [FAIL]
01:09:32.309 [main] INFO  org.example.InfoReporter - Test: changeToCreateAgreementTest - [Starting...]
01:09:32.309 [main] WARN  org.example.InfoReporter - Test: changeToCreateAgreementTest - [SKIPPED]
01:09:32.309 [main] INFO  org.example.InfoReporter - Test: fillCostumerMadCodeTes - [Starting...]
01:09:32.309 [main] WARN  org.example.InfoReporter - Test: fillCostumerMadCodeTes - [SKIPPED]
01:09:32.311 [main] INFO  org.example.InfoReporter - Test: fillAllFields - [Starting...]
01:09:32.312 [main] WARN  org.example.InfoReporter - Test: fillAllFields - [SKIPPED]
01:09:32.536 [main] INFO  org.example.InfoReporter - Snapshot name: Login20231012010932.png
01:09:45.950 [main] INFO  org.example.InfoReporter - ### Reading Environment Properties File ###
01:09:45.955 [main] INFO  org.example.InfoReporter - SetUp the Browser
01:09:48.741 [main] INFO  org.example.InfoReporter - Staring MainTask - HomePage
01:09:48.875 [main] INFO  org.example.InfoReporter - Taking a screenshot: 
01:09:48.877 [main] INFO  org.example.InfoReporter - +++Setting Up Factory+++
01:09:59.685 [main] INFO  org.example.InfoReporter - +++Setting Up Factory+++
01:09:59.702 [main] INFO  org.example.InfoReporter - Test: accessToAgreementListTest - [Starting...]
01:09:59.702 [main] INFO  org.example.InfoReporter - TEST-> Correct Access to OBI
01:09:59.703 [main] INFO  org.example.InfoReporter - Loading Wait...
01:10:08.089 [main] INFO  org.example.InfoReporter - Test: accessToAgreementListTest - [PASSED]
01:10:08.093 [main] INFO  org.example.InfoReporter - Test: changeToCreateAgreementTest - [Starting...]
01:10:08.200 [main] INFO  org.example.InfoReporter - Loading Wait...
01:10:09.301 [main] INFO  org.example.InfoReporter - +++Setting Up Factory+++
01:10:09.302 [main] INFO  org.example.InfoReporter - TEST-> Click on Create New Agreement
01:10:09.311 [main] INFO  org.example.InfoReporter - Test: changeToCreateAgreementTest - [PASSED]
01:10:09.312 [main] INFO  org.example.InfoReporter - Test: fillCostumerMadCodeTes - [Starting...]
01:10:09.398 [main] INFO  org.example.InfoReporter - TEST-> End To End - System Call - CostumerByMadCode
01:10:09.479 [main] INFO  org.example.InfoReporter - Loading Wait...
01:10:11.672 [main] INFO  org.example.InfoReporter - Test: fillCostumerMadCodeTes - [PASSED]
01:10:11.673 [main] INFO  org.example.InfoReporter - Test: fillAllFields - [Starting...]
01:10:11.673 [main] INFO  org.example.InfoReporter - TEST-> Complete Forms
01:10:11.781 [main] ERROR org.example.InfoReporter - EXPIRY DATE
01:10:11.790 [main] INFO  org.example.InfoReporter - Test: fillAllFields - [FAIL]
01:10:11.934 [main] INFO  org.example.InfoReporter - Snapshot name: Login20231012011011.png
01:11:16.434 [main] INFO  org.example.InfoReporter - ### Reading Environment Properties File ###
01:11:16.440 [main] INFO  org.example.InfoReporter - SetUp the Browser
01:11:19.250 [main] INFO  org.example.InfoReporter - Staring MainTask - HomePage
01:11:19.383 [main] INFO  org.example.InfoReporter - Taking a screenshot: 
01:11:19.390 [main] INFO  org.example.InfoReporter - +++Setting Up Factory+++
01:11:33.306 [main] INFO  org.example.InfoReporter - +++Setting Up Factory+++
01:11:33.326 [main] INFO  org.example.InfoReporter - Test: accessToAgreementListTest - [Starting...]
01:11:33.327 [main] INFO  org.example.InfoReporter - TEST-> Correct Access to OBI
01:11:33.327 [main] INFO  org.example.InfoReporter - Loading Wait...
01:11:40.652 [main] INFO  org.example.InfoReporter - Test: accessToAgreementListTest - [PASSED]
01:11:40.655 [main] INFO  org.example.InfoReporter - Test: changeToCreateAgreementTest - [Starting...]
01:11:40.756 [main] INFO  org.example.InfoReporter - Loading Wait...
01:11:41.326 [main] INFO  org.example.InfoReporter - +++Setting Up Factory+++
01:11:41.327 [main] INFO  org.example.InfoReporter - TEST-> Click on Create New Agreement
01:11:41.333 [main] INFO  org.example.InfoReporter - Test: changeToCreateAgreementTest - [PASSED]
01:11:41.334 [main] INFO  org.example.InfoReporter - Test: fillCostumerMadCodeTes - [Starting...]
01:11:41.418 [main] INFO  org.example.InfoReporter - TEST-> End To End - System Call - CostumerByMadCode
01:11:41.479 [main] INFO  org.example.InfoReporter - Loading Wait...
01:11:42.600 [main] INFO  org.example.InfoReporter - Test: fillCostumerMadCodeTes - [PASSED]
01:11:42.601 [main] INFO  org.example.InfoReporter - Test: fillAllFields - [Starting...]
01:11:42.601 [main] INFO  org.example.InfoReporter - TEST-> Complete Forms
01:11:42.684 [main] INFO  org.example.InfoReporter - Loading Wait...
01:11:53.220 [main] INFO  org.example.InfoReporter - Test: fillAllFields - [FAIL]
01:11:53.363 [main] INFO  org.example.InfoReporter - Snapshot name: Login20231012011153.png
01:12:49.503 [main] INFO  org.example.InfoReporter - ### Reading Environment Properties File ###
01:12:49.507 [main] INFO  org.example.InfoReporter - SetUp the Browser
01:12:52.391 [main] INFO  org.example.InfoReporter - Staring MainTask - HomePage
01:12:52.516 [main] INFO  org.example.InfoReporter - Taking a screenshot: 
01:12:52.520 [main] INFO  org.example.InfoReporter - +++Setting Up Factory+++
01:13:03.993 [main] INFO  org.example.InfoReporter - +++Setting Up Factory+++
01:13:04.016 [main] INFO  org.example.InfoReporter - Test: accessToAgreementListTest - [Starting...]
01:13:04.016 [main] INFO  org.example.InfoReporter - TEST-> Correct Access to OBI
01:13:04.016 [main] INFO  org.example.InfoReporter - Loading Wait...
01:13:11.845 [main] INFO  org.example.InfoReporter - Test: accessToAgreementListTest - [PASSED]
01:13:11.848 [main] INFO  org.example.InfoReporter - Test: changeToCreateAgreementTest - [Starting...]
01:13:11.943 [main] INFO  org.example.InfoReporter - Loading Wait...
01:13:13.036 [main] INFO  org.example.InfoReporter - +++Setting Up Factory+++
01:13:13.037 [main] INFO  org.example.InfoReporter - TEST-> Click on Create New Agreement
01:13:13.044 [main] INFO  org.example.InfoReporter - Test: changeToCreateAgreementTest - [PASSED]
01:13:13.045 [main] INFO  org.example.InfoReporter - Test: fillCostumerMadCodeTes - [Starting...]
01:13:13.148 [main] INFO  org.example.InfoReporter - TEST-> End To End - System Call - CostumerByMadCode
01:13:13.231 [main] INFO  org.example.InfoReporter - Loading Wait...
01:13:14.909 [main] INFO  org.example.InfoReporter - Test: fillCostumerMadCodeTes - [PASSED]
01:13:14.910 [main] INFO  org.example.InfoReporter - Test: fillAllFields - [Starting...]
01:13:14.911 [main] INFO  org.example.InfoReporter - TEST-> Complete Forms
01:13:14.998 [main] INFO  org.example.InfoReporter - Loading Wait...
01:13:25.535 [main] INFO  org.example.InfoReporter - Test: fillAllFields - [FAIL]
01:13:25.694 [main] INFO  org.example.InfoReporter - Snapshot name: Login20231012011325.png
01:14:43.083 [main] INFO  org.example.InfoReporter - ### Reading Environment Properties File ###
01:14:43.091 [main] INFO  org.example.InfoReporter - SetUp the Browser
01:14:46.084 [main] INFO  org.example.InfoReporter - Staring MainTask - HomePage
01:14:46.220 [main] INFO  org.example.InfoReporter - Taking a screenshot: 
01:14:46.227 [main] INFO  org.example.InfoReporter - +++Setting Up Factory+++
01:15:00.839 [main] INFO  org.example.InfoReporter - +++Setting Up Factory+++
01:15:00.865 [main] INFO  org.example.InfoReporter - Test: accessToAgreementListTest - [Starting...]
01:15:00.866 [main] INFO  org.example.InfoReporter - TEST-> Correct Access to OBI
01:15:00.866 [main] INFO  org.example.InfoReporter - Loading Wait...
01:15:08.602 [main] INFO  org.example.InfoReporter - Test: accessToAgreementListTest - [PASSED]
01:15:08.606 [main] INFO  org.example.InfoReporter - Test: changeToCreateAgreementTest - [Starting...]
01:15:08.699 [main] INFO  org.example.InfoReporter - Loading Wait...
01:15:09.793 [main] INFO  org.example.InfoReporter - +++Setting Up Factory+++
01:15:09.794 [main] INFO  org.example.InfoReporter - TEST-> Click on Create New Agreement
01:15:09.802 [main] INFO  org.example.InfoReporter - Test: changeToCreateAgreementTest - [PASSED]
01:15:09.803 [main] INFO  org.example.InfoReporter - Test: fillCostumerMadCodeTes - [Starting...]
01:15:09.909 [main] INFO  org.example.InfoReporter - TEST-> End To End - System Call - CostumerByMadCode
01:15:09.992 [main] INFO  org.example.InfoReporter - Loading Wait...
01:15:11.649 [main] INFO  org.example.InfoReporter - Test: fillCostumerMadCodeTes - [PASSED]
01:15:11.650 [main] INFO  org.example.InfoReporter - Test: fillAllFields - [Starting...]
01:15:11.650 [main] INFO  org.example.InfoReporter - TEST-> Complete Forms
01:15:11.844 [main] ERROR org.example.InfoReporter - EXPIRY DATE
01:15:11.851 [main] INFO  org.example.InfoReporter - Test: fillAllFields - [FAIL]
01:15:12.085 [main] INFO  org.example.InfoReporter - Snapshot name: Login20231012011512.png
01:16:53.811 [main] INFO  org.example.InfoReporter - ### Reading Environment Properties File ###
01:16:53.817 [main] INFO  org.example.InfoReporter - SetUp the Browser
01:16:56.780 [main] INFO  org.example.InfoReporter - Staring MainTask - HomePage
01:16:56.906 [main] INFO  org.example.InfoReporter - Taking a screenshot: 
01:16:56.908 [main] INFO  org.example.InfoReporter - +++Setting Up Factory+++
01:17:07.980 [main] INFO  org.example.InfoReporter - +++Setting Up Factory+++
01:17:07.998 [main] INFO  org.example.InfoReporter - Test: accessToAgreementListTest - [Starting...]
01:17:07.999 [main] INFO  org.example.InfoReporter - TEST-> Correct Access to OBI
01:17:07.999 [main] INFO  org.example.InfoReporter - Loading Wait...
01:17:13.358 [main] INFO  org.example.InfoReporter - Test: accessToAgreementListTest - [FAIL]
01:17:13.372 [main] INFO  org.example.InfoReporter - Test: changeToCreateAgreementTest - [Starting...]
01:17:13.373 [main] WARN  org.example.InfoReporter - Test: changeToCreateAgreementTest - [SKIPPED]
01:17:13.374 [main] INFO  org.example.InfoReporter - Test: fillCostumerMadCodeTes - [Starting...]
01:17:13.374 [main] WARN  org.example.InfoReporter - Test: fillCostumerMadCodeTes - [SKIPPED]
01:17:13.375 [main] INFO  org.example.InfoReporter - Test: fillAllFields - [Starting...]
01:17:13.376 [main] WARN  org.example.InfoReporter - Test: fillAllFields - [SKIPPED]
01:17:13.529 [main] INFO  org.example.InfoReporter - Snapshot name: Login20231012011713.png
01:17:22.656 [main] INFO  org.example.InfoReporter - ### Reading Environment Properties File ###
01:17:22.665 [main] INFO  org.example.InfoReporter - SetUp the Browser
01:17:26.221 [main] INFO  org.example.InfoReporter - Staring MainTask - HomePage
01:17:26.365 [main] INFO  org.example.InfoReporter - Taking a screenshot: 
01:17:26.369 [main] INFO  org.example.InfoReporter - +++Setting Up Factory+++
01:17:38.993 [main] INFO  org.example.InfoReporter - +++Setting Up Factory+++
01:17:39.016 [main] INFO  org.example.InfoReporter - Test: accessToAgreementListTest - [Starting...]
01:17:39.016 [main] INFO  org.example.InfoReporter - TEST-> Correct Access to OBI
01:17:39.016 [main] INFO  org.example.InfoReporter - Loading Wait...
01:17:46.289 [main] INFO  org.example.InfoReporter - Test: accessToAgreementListTest - [PASSED]
01:17:46.292 [main] INFO  org.example.InfoReporter - Test: changeToCreateAgreementTest - [Starting...]
01:17:46.396 [main] INFO  org.example.InfoReporter - Loading Wait...
01:17:47.011 [main] INFO  org.example.InfoReporter - +++Setting Up Factory+++
01:17:47.013 [main] INFO  org.example.InfoReporter - TEST-> Click on Create New Agreement
01:17:47.020 [main] INFO  org.example.InfoReporter - Test: changeToCreateAgreementTest - [PASSED]
01:17:47.022 [main] INFO  org.example.InfoReporter - Test: fillCostumerMadCodeTes - [Starting...]
01:17:47.132 [main] INFO  org.example.InfoReporter - TEST-> End To End - System Call - CostumerByMadCode
01:17:47.193 [main] INFO  org.example.InfoReporter - Loading Wait...
01:17:48.324 [main] INFO  org.example.InfoReporter - Test: fillCostumerMadCodeTes - [PASSED]
01:17:48.325 [main] INFO  org.example.InfoReporter - Test: fillAllFields - [Starting...]
01:17:48.326 [main] INFO  org.example.InfoReporter - TEST-> Complete Forms
01:17:48.651 [main] INFO  org.example.InfoReporter - Test: fillAllFields - [PASSED]
01:17:48.826 [main] INFO  org.example.InfoReporter - Snapshot name: Login20231012011748.png
06:31:32.707 [main] INFO  org.example.InfoReporter - ### Reading Environment Properties File ###
06:31:32.715 [main] INFO  org.example.InfoReporter - SetUp the Browser
06:31:38.844 [main] INFO  org.example.InfoReporter - Staring MainTask - HomePage
06:31:38.985 [main] INFO  org.example.InfoReporter - +++Setting Up Factory+++
06:31:56.445 [main] INFO  org.example.InfoReporter - +++Setting Up Factory+++
06:31:56.448 [main] INFO  org.example.InfoReporter - Test: accessToAgreementListTest - [Starting...]
06:31:56.448 [main] INFO  org.example.InfoReporter - TEST-> Correct Access to OBI
06:31:56.448 [main] INFO  org.example.InfoReporter - Loading Wait...
06:32:05.342 [main] INFO  org.example.InfoReporter - Test: accessToAgreementListTest - [PASSED]
06:32:05.346 [main] INFO  org.example.InfoReporter - ### Reading Environment Properties File ###
06:32:05.347 [main] INFO  org.example.InfoReporter - SetUp the Browser
06:32:07.168 [main] INFO  org.example.InfoReporter - Staring MainTask - HomePage
06:32:07.296 [main] INFO  org.example.InfoReporter - +++Setting Up Factory+++
06:32:36.245 [main] INFO  org.example.InfoReporter - Test: changeToCreateAgreementTest - [Starting...]
06:32:36.246 [main] WARN  org.example.InfoReporter - Test: changeToCreateAgreementTest - [SKIPPED]
06:32:36.247 [main] INFO  org.example.InfoReporter - Test: fillCostumerMadCodeTes - [Starting...]
06:32:36.247 [main] WARN  org.example.InfoReporter - Test: fillCostumerMadCodeTes - [SKIPPED]
06:32:36.248 [main] INFO  org.example.InfoReporter - Test: fillAllFields - [Starting...]
06:32:36.249 [main] WARN  org.example.InfoReporter - Test: fillAllFields - [SKIPPED]
06:34:50.946 [main] INFO  org.example.InfoReporter - ### Reading Environment Properties File ###
06:34:50.953 [main] INFO  org.example.InfoReporter - SetUp the Browser
06:34:54.289 [main] INFO  org.example.InfoReporter - Staring MainTask - HomePage
06:34:54.412 [main] INFO  org.example.InfoReporter - +++Setting Up Factory+++
06:35:04.132 [main] INFO  org.example.InfoReporter - Test: login - [Starting...]
06:35:12.477 [main] INFO  org.example.InfoReporter - +++Setting Up Factory+++
06:35:12.480 [main] INFO  org.example.InfoReporter - Test: login - [PASSED]
06:35:12.484 [main] INFO  org.example.InfoReporter - ### Reading Environment Properties File ###
06:35:12.486 [main] INFO  org.example.InfoReporter - SetUp the Browser
06:35:14.302 [main] INFO  org.example.InfoReporter - Staring MainTask - HomePage
06:35:14.443 [main] INFO  org.example.InfoReporter - +++Setting Up Factory+++
06:35:44.243 [main] INFO  org.example.InfoReporter - Test: accessToAgreementListTest - [Starting...]
06:35:44.243 [main] INFO  org.example.InfoReporter - TEST-> Correct Access to OBI
06:35:44.244 [main] INFO  org.example.InfoReporter - Loading Wait...
06:35:54.660 [main] INFO  org.example.InfoReporter - Test: accessToAgreementListTest - [FAIL]
06:35:54.666 [main] INFO  org.example.InfoReporter - Test: changeToCreateAgreementTest - [Starting...]
06:35:54.667 [main] WARN  org.example.InfoReporter - Test: changeToCreateAgreementTest - [SKIPPED]
06:35:54.668 [main] INFO  org.example.InfoReporter - Test: fillCostumerMadCodeTes - [Starting...]
06:35:54.668 [main] WARN  org.example.InfoReporter - Test: fillCostumerMadCodeTes - [SKIPPED]
06:35:54.669 [main] INFO  org.example.InfoReporter - Test: fillAllFields - [Starting...]
06:35:54.669 [main] WARN  org.example.InfoReporter - Test: fillAllFields - [SKIPPED]
06:49:22.257 [main] INFO  org.example.InfoReporter - ### Reading Environment Properties File ###
06:49:22.262 [main] INFO  org.example.InfoReporter - SetUp the Browser
06:49:25.210 [main] INFO  org.example.InfoReporter - Staring MainTask - HomePage
06:49:25.351 [main] INFO  org.example.InfoReporter - +++Setting Up Factory+++
06:49:40.730 [main] INFO  org.example.InfoReporter - Test: login - [Starting...]
06:49:50.449 [main] INFO  org.example.InfoReporter - +++Setting Up Factory+++
06:49:50.450 [main] INFO  org.example.InfoReporter - Test: login - [PASSED]
06:49:50.454 [main] INFO  org.example.InfoReporter - Test: accessToAgreementListTest - [Starting...]
06:49:50.454 [main] INFO  org.example.InfoReporter - TEST-> Correct Access to OBI
06:49:50.454 [main] INFO  org.example.InfoReporter - Loading Wait...
06:49:58.229 [main] INFO  org.example.InfoReporter - Test: accessToAgreementListTest - [PASSED]
06:49:58.231 [main] INFO  org.example.InfoReporter - Test: changeToCreateAgreementTest - [Starting...]
06:49:58.331 [main] INFO  org.example.InfoReporter - Loading Wait...
06:49:59.032 [main] INFO  org.example.InfoReporter - +++Setting Up Factory+++
06:49:59.033 [main] INFO  org.example.InfoReporter - TEST-> Click on Create New Agreement
06:49:59.039 [main] INFO  org.example.InfoReporter - Test: changeToCreateAgreementTest - [PASSED]
06:49:59.040 [main] INFO  org.example.InfoReporter - Test: fillCostumerMadCodeTes - [Starting...]
06:49:59.126 [main] INFO  org.example.InfoReporter - TEST-> End To End - System Call - CostumerByMadCode
06:49:59.185 [main] INFO  org.example.InfoReporter - Loading Wait...
06:50:00.315 [main] INFO  org.example.InfoReporter - Test: fillCostumerMadCodeTes - [PASSED]
06:50:00.317 [main] INFO  org.example.InfoReporter - Test: fillAllFields - [Starting...]
06:50:00.317 [main] INFO  org.example.InfoReporter - TEST-> Complete Forms
06:50:00.592 [main] INFO  org.example.InfoReporter - Test: fillAllFields - [PASSED]
06:51:59.134 [main] INFO  org.example.InfoReporter - ### Reading Environment Properties File ###
06:51:59.138 [main] INFO  org.example.InfoReporter - SetUp the Browser
06:52:01.852 [main] INFO  org.example.InfoReporter - Staring MainTask - HomePage
06:52:01.975 [main] INFO  org.example.InfoReporter - +++Setting Up Factory+++
06:52:24.898 [main] INFO  org.example.InfoReporter - Test: login - [Starting...]
06:52:37.623 [main] INFO  org.example.InfoReporter - +++Setting Up Factory+++
06:52:37.624 [main] INFO  org.example.InfoReporter - Test: login - [PASSED]
06:52:37.624 [main] INFO  org.example.InfoReporter - Taking a screenshot: 
06:52:37.624 [main] INFO  org.example.InfoReporter - Driver doesn't support snapshots.
06:52:37.628 [main] INFO  org.example.InfoReporter - Test: accessToAgreementListTest - [Starting...]
06:52:37.629 [main] INFO  org.example.InfoReporter - TEST-> Correct Access to OBI
06:52:37.629 [main] INFO  org.example.InfoReporter - Loading Wait...
06:52:48.960 [main] INFO  org.example.InfoReporter - Test: accessToAgreementListTest - [FAIL]
06:52:48.967 [main] INFO  org.example.InfoReporter - Test: changeToCreateAgreementTest - [Starting...]
06:52:48.967 [main] WARN  org.example.InfoReporter - Test: changeToCreateAgreementTest - [SKIPPED]
06:52:48.968 [main] INFO  org.example.InfoReporter - Test: fillCostumerMadCodeTes - [Starting...]
06:52:48.968 [main] WARN  org.example.InfoReporter - Test: fillCostumerMadCodeTes - [SKIPPED]
06:52:48.970 [main] INFO  org.example.InfoReporter - Test: fillAllFields - [Starting...]
06:52:48.970 [main] WARN  org.example.InfoReporter - Test: fillAllFields - [SKIPPED]
06:52:48.973 [main] INFO  org.example.InfoReporter - Closing Driver
06:52:49.229 [main] INFO  org.example.InfoReporter - Driver Closed
06:54:41.226 [main] INFO  org.example.InfoReporter - ### Reading Environment Properties File ###
06:54:41.232 [main] INFO  org.example.InfoReporter - SetUp the Browser
06:54:43.966 [main] INFO  org.example.InfoReporter - Staring MainTask - HomePage
06:54:44.091 [main] INFO  org.example.InfoReporter - +++Setting Up Factory+++
06:55:39.175 [main] INFO  org.example.InfoReporter - Test: login - [Starting...]
06:55:39.175 [main] INFO  org.example.InfoReporter - Taking a screenshot: 
06:55:39.175 [main] INFO  org.example.InfoReporter - Driver doesn't support snapshots.
06:55:49.145 [main] INFO  org.example.InfoReporter - +++Setting Up Factory+++
06:55:49.148 [main] INFO  org.example.InfoReporter - Test: login - [PASSED]
06:55:49.151 [main] INFO  org.example.InfoReporter - Test: accessToAgreementListTest - [Starting...]
06:55:49.151 [main] INFO  org.example.InfoReporter - Taking a screenshot: 
06:55:49.151 [main] INFO  org.example.InfoReporter - Driver doesn't support snapshots.
06:55:49.152 [main] INFO  org.example.InfoReporter - TEST-> Correct Access to OBI
06:55:49.152 [main] INFO  org.example.InfoReporter - Loading Wait...
06:55:57.957 [main] INFO  org.example.InfoReporter - Test: accessToAgreementListTest - [PASSED]
06:55:57.959 [main] INFO  org.example.InfoReporter - Test: changeToCreateAgreementTest - [Starting...]
06:55:57.959 [main] INFO  org.example.InfoReporter - Taking a screenshot: 
06:55:57.959 [main] INFO  org.example.InfoReporter - Driver doesn't support snapshots.
06:55:58.055 [main] INFO  org.example.InfoReporter - Loading Wait...
06:55:59.688 [main] INFO  org.example.InfoReporter - +++Setting Up Factory+++
06:55:59.690 [main] INFO  org.example.InfoReporter - TEST-> Click on Create New Agreement
06:55:59.697 [main] INFO  org.example.InfoReporter - Test: changeToCreateAgreementTest - [PASSED]
06:55:59.699 [main] INFO  org.example.InfoReporter - Test: fillCostumerMadCodeTes - [Starting...]
06:55:59.699 [main] INFO  org.example.InfoReporter - Taking a screenshot: 
06:55:59.699 [main] INFO  org.example.InfoReporter - Driver doesn't support snapshots.
06:55:59.780 [main] INFO  org.example.InfoReporter - TEST-> End To End - System Call - CostumerByMadCode
06:55:59.839 [main] INFO  org.example.InfoReporter - Loading Wait...
06:56:01.504 [main] INFO  org.example.InfoReporter - Test: fillCostumerMadCodeTes - [PASSED]
06:56:01.505 [main] INFO  org.example.InfoReporter - Test: fillAllFields - [Starting...]
06:56:01.505 [main] INFO  org.example.InfoReporter - Taking a screenshot: 
06:56:01.505 [main] INFO  org.example.InfoReporter - Driver doesn't support snapshots.
06:56:01.505 [main] INFO  org.example.InfoReporter - TEST-> Complete Forms
06:56:01.793 [main] INFO  org.example.InfoReporter - Test: fillAllFields - [PASSED]
06:56:01.794 [main] INFO  org.example.InfoReporter - Closing Driver
06:56:02.100 [main] INFO  org.example.InfoReporter - Driver Closed
06:56:59.797 [main] INFO  org.example.InfoReporter - ### Reading Environment Properties File ###
06:56:59.803 [main] INFO  org.example.InfoReporter - SetUp the Browser
06:57:02.692 [main] INFO  org.example.InfoReporter - Staring MainTask - HomePage
06:57:02.814 [main] INFO  org.example.InfoReporter - +++Setting Up Factory+++
06:57:45.666 [main] INFO  org.example.InfoReporter - Test: login - [Starting...]
06:57:55.977 [main] INFO  org.example.InfoReporter - Test: login - [FAIL]
06:57:55.992 [main] INFO  org.example.InfoReporter - Test: accessToAgreementListTest - [Starting...]
06:57:55.992 [main] WARN  org.example.InfoReporter - Test: accessToAgreementListTest - [SKIPPED]
06:57:55.994 [main] INFO  org.example.InfoReporter - Test: changeToCreateAgreementTest - [Starting...]
06:57:55.994 [main] WARN  org.example.InfoReporter - Test: changeToCreateAgreementTest - [SKIPPED]
06:57:55.995 [main] INFO  org.example.InfoReporter - Test: fillCostumerMadCodeTes - [Starting...]
06:57:55.995 [main] WARN  org.example.InfoReporter - Test: fillCostumerMadCodeTes - [SKIPPED]
06:57:55.996 [main] INFO  org.example.InfoReporter - Test: fillAllFields - [Starting...]
06:57:55.997 [main] WARN  org.example.InfoReporter - Test: fillAllFields - [SKIPPED]
06:57:56.000 [main] INFO  org.example.InfoReporter - Closing Driver
06:57:56.129 [main] INFO  org.example.InfoReporter - Driver Closed
00:38:02.912 [main] INFO  org.example.InfoReporter - SetUp the Browser
00:38:02.914 [main] WARN  org.example.InfoReporter - Stopped->Invalid Browser
00:39:01.370 [main] INFO  org.example.InfoReporter - SetUp the Browser
00:39:01.373 [main] WARN  org.example.InfoReporter - Stopped->Invalid Browser
00:39:01.552 [main] INFO  org.example.InfoReporter - ### Reading Environment Properties File ###
00:39:01.557 [main] WARN  org.example.InfoReporter - El controlador no se ha inicializado correctamente.
00:39:01.557 [main] INFO  org.example.InfoReporter - Staring MainTask - HomePage
00:39:01.597 [main] INFO  org.example.InfoReporter - Test: accessToAgreementListTest - [Starting...]
00:39:01.598 [main] WARN  org.example.InfoReporter - Test: accessToAgreementListTest - [SKIPPED]
00:39:01.606 [main] INFO  org.example.InfoReporter - Test: changeToCreateAgreementTest - [Starting...]
00:39:01.606 [main] WARN  org.example.InfoReporter - Test: changeToCreateAgreementTest - [SKIPPED]
00:39:01.608 [main] INFO  org.example.InfoReporter - Test: fillCostumerMadCodeTes - [Starting...]
00:39:01.608 [main] WARN  org.example.InfoReporter - Test: fillCostumerMadCodeTes - [SKIPPED]
00:39:01.610 [main] INFO  org.example.InfoReporter - Test: fillAllFields - [Starting...]
00:39:01.610 [main] WARN  org.example.InfoReporter - Test: fillAllFields - [SKIPPED]
00:42:17.958 [main] INFO  org.example.InfoReporter - SetUp the Browser
00:42:17.962 [main] WARN  org.example.InfoReporter - Stopped->Invalid Browser
00:42:18.125 [main] INFO  org.example.InfoReporter - ### Reading Environment Properties File ###
00:42:18.127 [main] WARN  org.example.InfoReporter - El controlador no se ha inicializado correctamente.
00:42:18.128 [main] INFO  org.example.InfoReporter - Staring MainTask - HomePage
00:42:18.168 [main] INFO  org.example.InfoReporter - Test: accessToAgreementListTest - [Starting...]
00:42:18.168 [main] WARN  org.example.InfoReporter - Test: accessToAgreementListTest - [SKIPPED]
00:42:18.174 [main] INFO  org.example.InfoReporter - Test: changeToCreateAgreementTest - [Starting...]
00:42:18.174 [main] WARN  org.example.InfoReporter - Test: changeToCreateAgreementTest - [SKIPPED]
00:42:18.176 [main] INFO  org.example.InfoReporter - Test: fillCostumerMadCodeTes - [Starting...]
00:42:18.176 [main] WARN  org.example.InfoReporter - Test: fillCostumerMadCodeTes - [SKIPPED]
00:42:18.178 [main] INFO  org.example.InfoReporter - Test: fillAllFields - [Starting...]
00:42:18.179 [main] WARN  org.example.InfoReporter - Test: fillAllFields - [SKIPPED]
00:44:11.162 [main] INFO  org.example.InfoReporter - SetUp the Browser
00:44:11.166 [main] WARN  org.example.InfoReporter - Stopped->Invalid Browser
00:44:11.373 [main] INFO  org.example.InfoReporter - ### Reading Environment Properties File ###
00:44:11.375 [main] WARN  org.example.InfoReporter - El controlador no se ha inicializado correctamente.
00:44:11.376 [main] INFO  org.example.InfoReporter - Staring MainTask - HomePage
00:44:11.421 [main] INFO  org.example.InfoReporter - Test: accessToAgreementListTest - [Starting...]
00:44:11.421 [main] WARN  org.example.InfoReporter - Test: accessToAgreementListTest - [SKIPPED]
00:44:11.433 [main] INFO  org.example.InfoReporter - Test: changeToCreateAgreementTest - [Starting...]
00:44:11.433 [main] WARN  org.example.InfoReporter - Test: changeToCreateAgreementTest - [SKIPPED]
00:44:11.436 [main] INFO  org.example.InfoReporter - Test: fillCostumerMadCodeTes - [Starting...]
00:44:11.436 [main] WARN  org.example.InfoReporter - Test: fillCostumerMadCodeTes - [SKIPPED]
00:44:11.438 [main] INFO  org.example.InfoReporter - Test: fillAllFields - [Starting...]
00:44:11.438 [main] WARN  org.example.InfoReporter - Test: fillAllFields - [SKIPPED]
00:46:35.233 [main] INFO  org.example.InfoReporter - SetUp the Browser
00:46:35.237 [main] WARN  org.example.InfoReporter - Stopped->Invalid Browser
00:46:35.414 [main] INFO  org.example.InfoReporter - ### Reading Environment Properties File ###
00:46:35.416 [main] WARN  org.example.InfoReporter - El controlador no se ha inicializado correctamente.
00:46:35.453 [main] INFO  org.example.InfoReporter - Test: accessToAgreementListTest - [Starting...]
00:46:35.453 [main] WARN  org.example.InfoReporter - Test: accessToAgreementListTest - [SKIPPED]
00:46:35.460 [main] INFO  org.example.InfoReporter - Test: changeToCreateAgreementTest - [Starting...]
00:46:35.460 [main] WARN  org.example.InfoReporter - Test: changeToCreateAgreementTest - [SKIPPED]
00:46:35.463 [main] INFO  org.example.InfoReporter - Test: fillCostumerMadCodeTes - [Starting...]
00:46:35.463 [main] WARN  org.example.InfoReporter - Test: fillCostumerMadCodeTes - [SKIPPED]
00:46:35.464 [main] INFO  org.example.InfoReporter - Test: fillAllFields - [Starting...]
00:46:35.465 [main] WARN  org.example.InfoReporter - Test: fillAllFields - [SKIPPED]
10:02:06.190 [main] INFO  org.example.InfoReporter - SetUp the Browser
10:02:06.192 [main] WARN  org.example.InfoReporter - Stopped->Invalid Browser
10:02:06.192 [main] ERROR org.example.InfoReporter - Error initializing WebDriver: Invalid browser: 
10:03:47.173 [main] INFO  org.example.InfoReporter - SetUp the Browser
10:03:47.176 [main] WARN  org.example.InfoReporter - Stopped->Invalid Browser
10:03:47.176 [main] ERROR org.example.InfoReporter - Error initializing WebDriver: Invalid browser: 
10:09:29.170 [main] INFO  org.example.InfoReporter - SetUp the Browser
10:09:29.174 [main] WARN  org.example.InfoReporter - Stopped->Invalid Browser
10:09:29.175 [main] ERROR org.example.InfoReporter - Error initializing WebDriver: Invalid browser: 
10:10:49.381 [main] INFO  org.example.InfoReporter - ### Reading Environment Properties File ###
10:10:49.390 [main] INFO  org.example.InfoReporter - Browser: chrome
10:10:49.392 [main] INFO  org.example.InfoReporter - SetUp the Browser
10:10:54.601 [main] INFO  org.example.InfoReporter - Staring MainTask - HomePage
10:10:54.604 [main] INFO  org.example.InfoReporter - +++Setting Up Factory+++
10:52:03.039 [main] INFO  org.example.InfoReporter - SetUp the Browser
10:52:03.042 [main] WARN  org.example.InfoReporter - Stopped->Invalid Browser
10:52:03.042 [main] ERROR org.example.InfoReporter - Error initializing WebDriver: Invalid browser: 
10:52:18.836 [main] INFO  org.example.InfoReporter - ### Reading Environment Properties File ###
10:52:18.849 [main] INFO  org.example.InfoReporter - Browser: chrome
10:52:18.854 [main] INFO  org.example.InfoReporter - SetUp the Browser
10:52:24.750 [main] INFO  org.example.InfoReporter - Staring MainTask - HomePage
10:52:24.752 [main] INFO  org.example.InfoReporter - +++Setting Up Factory+++
10:52:40.859 [main] INFO  org.example.InfoReporter - Test: accessToAgreementListTest - [Starting...]
10:52:40.859 [main] WARN  org.example.InfoReporter - Test: accessToAgreementListTest - [SKIPPED]
10:52:40.863 [main] INFO  org.example.InfoReporter - Test: changeToCreateAgreementTest - [Starting...]
10:52:40.863 [main] WARN  org.example.InfoReporter - Test: changeToCreateAgreementTest - [SKIPPED]
10:52:40.864 [main] INFO  org.example.InfoReporter - Test: fillCostumerMadCodeTes - [Starting...]
10:52:40.864 [main] WARN  org.example.InfoReporter - Test: fillCostumerMadCodeTes - [SKIPPED]
10:52:40.866 [main] INFO  org.example.InfoReporter - Test: fillAllFields - [Starting...]
10:52:40.866 [main] WARN  org.example.InfoReporter - Test: fillAllFields - [SKIPPED]
10:53:09.493 [main] INFO  org.example.InfoReporter - ### Reading Environment Properties File ###
10:53:09.497 [main] INFO  org.example.InfoReporter - Browser: chrome
10:53:09.498 [main] INFO  org.example.InfoReporter - SetUp the Browser
10:53:12.278 [main] INFO  org.example.InfoReporter - Staring MainTask - HomePage
10:53:12.280 [main] INFO  org.example.InfoReporter - +++Setting Up Factory+++
10:53:30.969 [main] INFO  org.example.InfoReporter - +++Setting Up Factory+++
10:53:30.990 [main] INFO  org.example.InfoReporter - Test: accessToAgreementListTest - [Starting...]
10:53:30.990 [main] INFO  org.example.InfoReporter - TEST-> Correct Access to OBI
10:53:30.991 [main] INFO  org.example.InfoReporter - Loading Wait...
10:53:40.313 [main] INFO  org.example.InfoReporter - Test: accessToAgreementListTest - [PASSED]
10:53:40.317 [main] INFO  org.example.InfoReporter - Test: changeToCreateAgreementTest - [Starting...]
10:53:40.419 [main] INFO  org.example.InfoReporter - Loading Wait...
10:53:40.979 [main] INFO  org.example.InfoReporter - +++Setting Up Factory+++
10:53:40.982 [main] INFO  org.example.InfoReporter - Test: changeToCreateAgreementTest - [FAIL]
10:53:40.982 [main] INFO  org.example.InfoReporter - Test: changeToCreateAgreementTest - [FAIL]
11:02:33.322 [main] INFO  org.example.InfoReporter - ### Reading Environment Properties File ###
11:02:33.326 [main] INFO  org.example.InfoReporter - Browser: chrome
11:02:33.327 [main] INFO  org.example.InfoReporter - SetUp the Browser
11:02:36.259 [main] INFO  org.example.InfoReporter - Staring MainTask - HomePage
11:02:36.261 [main] INFO  org.example.InfoReporter - +++Setting Up Factory+++
11:02:54.487 [main] INFO  org.example.InfoReporter - +++Setting Up Factory+++
11:02:54.513 [main] INFO  org.example.InfoReporter - Test: accessToAgreementListTest - [Starting...]
11:02:54.514 [main] INFO  org.example.InfoReporter - TEST-> Correct Access to OBI
11:02:54.514 [main] INFO  org.example.InfoReporter - Loading Wait...
11:03:02.748 [main] INFO  org.example.InfoReporter - Test: accessToAgreementListTest - [PASSED]
11:03:02.751 [main] INFO  org.example.InfoReporter - Test: changeToCreateAgreementTest - [Starting...]
11:03:02.855 [main] INFO  org.example.InfoReporter - Loading Wait...
11:03:03.476 [main] INFO  org.example.InfoReporter - +++Setting Up Factory+++
11:03:03.478 [main] INFO  org.example.InfoReporter - Test: changeToCreateAgreementTest - [FAIL]
11:03:03.482 [main] INFO  org.example.InfoReporter - Test: fillCostumerMadCodeTes - [Starting...]
11:03:03.484 [main] WARN  org.example.InfoReporter - Test: fillCostumerMadCodeTes - [SKIPPED]
11:03:03.485 [main] INFO  org.example.InfoReporter - Test: fillAllFields - [Starting...]
11:03:03.485 [main] WARN  org.example.InfoReporter - Test: fillAllFields - [SKIPPED]
11:04:56.511 [main] INFO  org.example.InfoReporter - ### Reading Environment Properties File ###
11:04:56.515 [main] INFO  org.example.InfoReporter - Browser: chrome
11:04:56.517 [main] INFO  org.example.InfoReporter - SetUp the Browser
11:04:59.677 [main] INFO  org.example.InfoReporter - Staring MainTask - HomePage
11:04:59.679 [main] INFO  org.example.InfoReporter - +++Setting Up Factory+++
11:05:20.191 [main] INFO  org.example.InfoReporter - +++Setting Up Factory+++
11:05:20.210 [main] INFO  org.example.InfoReporter - Test: accessToAgreementListTest - [Starting...]
11:05:20.211 [main] INFO  org.example.InfoReporter - TEST-> Correct Access to OBI
11:05:20.211 [main] INFO  org.example.InfoReporter - Loading Wait...
11:05:28.075 [main] INFO  org.example.InfoReporter - Test: accessToAgreementListTest - [PASSED]
11:05:28.078 [main] INFO  org.example.InfoReporter - Test: changeToCreateAgreementTest - [Starting...]
11:05:28.177 [main] INFO  org.example.InfoReporter - Loading Wait...
11:05:29.271 [main] INFO  org.example.InfoReporter - +++Setting Up Factory+++
11:05:29.272 [main] INFO  org.example.InfoReporter - TEST-> Click on Create New Agreement
11:05:29.278 [main] INFO  org.example.InfoReporter - Test: changeToCreateAgreementTest - [PASSED]
11:05:29.280 [main] INFO  org.example.InfoReporter - Test: fillCostumerMadCodeTes - [Starting...]
11:05:29.361 [main] INFO  org.example.InfoReporter - TEST-> End To End - System Call - CostumerByMadCode
11:05:29.429 [main] INFO  org.example.InfoReporter - Loading Wait...
11:05:32.174 [main] INFO  org.example.InfoReporter - Test: fillCostumerMadCodeTes - [PASSED]
11:05:32.175 [main] INFO  org.example.InfoReporter - Test: fillAllFields - [Starting...]
11:05:32.176 [main] INFO  org.example.InfoReporter - TEST-> Complete Forms
11:05:32.472 [main] INFO  org.example.InfoReporter - Test: fillAllFields - [PASSED]
11:05:43.500 [main] INFO  org.example.InfoReporter - ### Reading Environment Properties File ###
11:05:43.503 [main] INFO  org.example.InfoReporter - Browser: chrome
11:05:43.505 [main] INFO  org.example.InfoReporter - SetUp the Browser
11:05:46.377 [main] INFO  org.example.InfoReporter - Staring MainTask - HomePage
11:05:46.379 [main] INFO  org.example.InfoReporter - +++Setting Up Factory+++
11:06:02.597 [main] INFO  org.example.InfoReporter - +++Setting Up Factory+++
11:06:02.618 [main] INFO  org.example.InfoReporter - Test: accessToAgreementListTest - [Starting...]
11:06:02.618 [main] INFO  org.example.InfoReporter - TEST-> Correct Access to OBI
11:06:02.618 [main] INFO  org.example.InfoReporter - Loading Wait...
11:06:11.015 [main] INFO  org.example.InfoReporter - Test: accessToAgreementListTest - [PASSED]
11:06:11.018 [main] INFO  org.example.InfoReporter - Test: changeToCreateAgreementTest - [Starting...]
11:06:11.117 [main] INFO  org.example.InfoReporter - Loading Wait...
11:06:12.225 [main] INFO  org.example.InfoReporter - +++Setting Up Factory+++
11:06:12.228 [main] INFO  org.example.InfoReporter - TEST-> Click on Create New Agreement
11:06:12.236 [main] INFO  org.example.InfoReporter - Test: changeToCreateAgreementTest - [PASSED]
11:06:12.237 [main] INFO  org.example.InfoReporter - Test: fillCostumerMadCodeTes - [Starting...]
11:06:12.319 [main] INFO  org.example.InfoReporter - TEST-> End To End - System Call - CostumerByMadCode
11:06:12.377 [main] INFO  org.example.InfoReporter - Loading Wait...
11:06:14.051 [main] INFO  org.example.InfoReporter - Test: fillCostumerMadCodeTes - [PASSED]
11:06:14.052 [main] INFO  org.example.InfoReporter - Test: fillAllFields - [Starting...]
11:06:14.052 [main] INFO  org.example.InfoReporter - TEST-> Complete Forms
11:06:14.379 [main] INFO  org.example.InfoReporter - Test: fillAllFields - [PASSED]
13:23:53.709 [main] INFO  org.example.InfoReporter - ### Reading Environment Properties File ###
13:23:53.713 [main] INFO  org.example.InfoReporter - Browser: chrome
13:23:53.715 [main] INFO  org.example.InfoReporter - SetUp the Browser
13:24:35.902 [main] INFO  org.example.InfoReporter - ### Reading Environment Properties File ###
13:24:35.907 [main] INFO  org.example.InfoReporter - Browser: chrome
13:24:35.908 [main] INFO  org.example.InfoReporter - SetUp the Browser
13:24:38.930 [main] INFO  org.example.InfoReporter - Staring MainTask - HomePage
13:24:38.937 [main] INFO  org.example.InfoReporter - +++Setting Up Factory+++
13:26:39.656 [main] INFO  org.example.InfoReporter - ### Reading Environment Properties File ###
13:26:39.661 [main] INFO  org.example.InfoReporter - Browser: chrome
13:26:39.662 [main] INFO  org.example.InfoReporter - SetUp the Browser
13:26:42.579 [main] INFO  org.example.InfoReporter - Staring MainTask - HomePage
13:26:42.581 [main] INFO  org.example.InfoReporter - +++Setting Up Factory+++
13:28:04.017 [main] INFO  org.example.InfoReporter - Test: accessToAgreementListTest - [Starting...]
13:28:04.017 [main] WARN  org.example.InfoReporter - Test: accessToAgreementListTest - [SKIPPED]
13:28:04.022 [main] INFO  org.example.InfoReporter - Test: changeToCreateAgreementTest - [Starting...]
13:28:04.022 [main] WARN  org.example.InfoReporter - Test: changeToCreateAgreementTest - [SKIPPED]
13:28:04.024 [main] INFO  org.example.InfoReporter - Test: fillCostumerMadCodeTes - [Starting...]
13:28:04.024 [main] WARN  org.example.InfoReporter - Test: fillCostumerMadCodeTes - [SKIPPED]
13:28:04.025 [main] INFO  org.example.InfoReporter - Test: fillAllFields - [Starting...]
13:28:04.026 [main] WARN  org.example.InfoReporter - Test: fillAllFields - [SKIPPED]
13:55:07.549 [main] INFO  org.example.InfoReporter - ### Reading Environment Properties File ###
13:55:07.555 [main] INFO  org.example.InfoReporter - Browser: chrome
13:55:07.557 [main] INFO  org.example.InfoReporter - SetUp the Browser
13:55:10.761 [main] INFO  org.example.InfoReporter - Staring MainTask - HomePage
13:55:10.764 [main] INFO  org.example.InfoReporter - +++Setting Up Factory+++
13:55:27.178 [main] INFO  org.example.InfoReporter - +++Setting Up Factory+++
13:55:27.197 [main] INFO  org.example.InfoReporter - Test: accessToAgreementListTest - [Starting...]
13:55:27.198 [main] INFO  org.example.InfoReporter - TEST-> Correct Access to OBI
13:55:27.198 [main] INFO  org.example.InfoReporter - Loading Wait...
13:55:33.869 [main] INFO  org.example.InfoReporter - Test: accessToAgreementListTest - [PASSED]
13:55:33.872 [main] INFO  org.example.InfoReporter - Test: changeToCreateAgreementTest - [Starting...]
13:55:33.971 [main] INFO  org.example.InfoReporter - Loading Wait...
13:55:34.613 [main] INFO  org.example.InfoReporter - +++Setting Up Factory+++
13:55:34.614 [main] INFO  org.example.InfoReporter - TEST-> Click on Create New Agreement
13:55:34.621 [main] INFO  org.example.InfoReporter - Test: changeToCreateAgreementTest - [PASSED]
13:55:34.622 [main] INFO  org.example.InfoReporter - Test: fillCostumerMadCodeTes - [Starting...]
13:55:34.708 [main] INFO  org.example.InfoReporter - TEST-> End To End - System Call - CostumerByMadCode
13:55:34.770 [main] INFO  org.example.InfoReporter - Loading Wait...
13:55:36.449 [main] INFO  org.example.InfoReporter - Test: fillCostumerMadCodeTes - [PASSED]
13:55:36.450 [main] INFO  org.example.InfoReporter - Test: fillAllFields - [Starting...]
13:55:36.450 [main] INFO  org.example.InfoReporter - TEST-> Complete Forms
13:55:36.741 [main] INFO  org.example.InfoReporter - Test: fillAllFields - [PASSED]
14:05:30.656 [main] INFO  org.example.InfoReporter - ### Reading Environment Properties File ###
14:05:30.660 [main] INFO  org.example.InfoReporter - Browser: chrome
14:05:30.662 [main] INFO  org.example.InfoReporter - SetUp the Browser
14:05:33.523 [main] INFO  org.example.InfoReporter - Staring MainTask - HomePage
14:05:33.524 [main] INFO  org.example.InfoReporter - +++Setting Up Factory+++
14:05:51.110 [main] INFO  org.example.InfoReporter - +++Setting Up Factory+++
14:05:51.126 [main] INFO  org.example.InfoReporter - Test: accessToAgreementListTest - [Starting...]
14:05:51.126 [main] INFO  org.example.InfoReporter - TEST-> Correct Access to OBI
14:05:51.126 [main] INFO  org.example.InfoReporter - Loading Wait...
14:05:58.407 [main] INFO  org.example.InfoReporter - Test: accessToAgreementListTest - [PASSED]
14:05:58.411 [main] INFO  org.example.InfoReporter - Test: changeToCreateAgreementTest - [Starting...]
14:05:58.510 [main] INFO  org.example.InfoReporter - Loading Wait...
14:05:59.130 [main] INFO  org.example.InfoReporter - +++Setting Up Factory+++
14:05:59.131 [main] INFO  org.example.InfoReporter - TEST-> Click on Create New Agreement
14:05:59.139 [main] INFO  org.example.InfoReporter - Test: changeToCreateAgreementTest - [PASSED]
14:05:59.141 [main] INFO  org.example.InfoReporter - Test: fillCostumerMadCodeTes - [Starting...]
14:05:59.347 [main] INFO  org.example.InfoReporter - TEST-> End To End - System Call - CostumerByMadCode
14:05:59.415 [main] INFO  org.example.InfoReporter - Loading Wait...
14:06:01.127 [main] INFO  org.example.InfoReporter - Test: fillCostumerMadCodeTes - [PASSED]
14:06:01.129 [main] INFO  org.example.InfoReporter - Test: fillAllFields - [Starting...]
14:06:01.129 [main] INFO  org.example.InfoReporter - TEST-> Complete Forms
14:06:01.411 [main] INFO  org.example.InfoReporter - Test: fillAllFields - [PASSED]
14:06:38.342 [main] INFO  org.example.InfoReporter - ### Reading Environment Properties File ###
14:06:38.349 [main] INFO  org.example.InfoReporter - Browser: chrome
14:06:38.351 [main] INFO  org.example.InfoReporter - SetUp the Browser
14:06:41.230 [main] INFO  org.example.InfoReporter - Staring MainTask - HomePage
14:06:41.232 [main] INFO  org.example.InfoReporter - +++Setting Up Factory+++
14:07:01.274 [main] INFO  org.example.InfoReporter - +++Setting Up Factory+++
14:07:01.292 [main] INFO  org.example.InfoReporter - Test: accessToAgreementListTest - [Starting...]
14:07:01.293 [main] INFO  org.example.InfoReporter - TEST-> Correct Access to OBI
14:07:01.293 [main] INFO  org.example.InfoReporter - Loading Wait...
14:07:09.749 [main] INFO  org.example.InfoReporter - Test: accessToAgreementListTest - [PASSED]
14:07:09.997 [main] INFO  org.example.InfoReporter - Snapshot name: accessToAgreementListTest20231014140709.png
14:07:10.000 [main] INFO  org.example.InfoReporter - Test: changeToCreateAgreementTest - [Starting...]
14:07:10.105 [main] INFO  org.example.InfoReporter - Loading Wait...
14:07:11.249 [main] INFO  org.example.InfoReporter - +++Setting Up Factory+++
14:07:11.251 [main] INFO  org.example.InfoReporter - TEST-> Click on Create New Agreement
14:07:11.261 [main] INFO  org.example.InfoReporter - Test: changeToCreateAgreementTest - [PASSED]
14:07:11.445 [main] INFO  org.example.InfoReporter - Snapshot name: changeToCreateAgreementTest20231014140711.png
14:07:11.446 [main] INFO  org.example.InfoReporter - Test: fillCostumerMadCodeTes - [Starting...]
14:07:11.550 [main] INFO  org.example.InfoReporter - TEST-> End To End - System Call - CostumerByMadCode
14:07:11.623 [main] INFO  org.example.InfoReporter - Loading Wait...
14:07:13.259 [main] INFO  org.example.InfoReporter - Test: fillCostumerMadCodeTes - [PASSED]
14:07:13.434 [main] INFO  org.example.InfoReporter - Snapshot name: fillCostumerMadCodeTes20231014140713.png
14:07:13.436 [main] INFO  org.example.InfoReporter - Test: fillAllFields - [Starting...]
14:07:13.436 [main] INFO  org.example.InfoReporter - TEST-> Complete Forms
14:07:13.817 [main] INFO  org.example.InfoReporter - Test: fillAllFields - [PASSED]
14:07:14.008 [main] INFO  org.example.InfoReporter - Snapshot name: fillAllFields20231014140714.png
14:35:03.059 [main] INFO  org.example.InfoReporter - ### Reading Environment Properties File ###
14:35:03.063 [main] INFO  org.example.InfoReporter - Browser: chrome
14:35:03.065 [main] INFO  org.example.InfoReporter - SetUp the Browser
14:35:07.375 [main] INFO  org.example.InfoReporter - Staring MainTask - HomePage
14:35:07.380 [main] INFO  org.example.InfoReporter - +++Setting Up Factory+++
14:35:28.193 [main] INFO  org.example.InfoReporter - Test: accessToAgreementListTest - [Starting...]
14:35:28.193 [main] WARN  org.example.InfoReporter - Test: accessToAgreementListTest - [SKIPPED]
14:35:28.196 [main] INFO  org.example.InfoReporter - Test: changeToCreateAgreementTest - [Starting...]
14:35:28.196 [main] WARN  org.example.InfoReporter - Test: changeToCreateAgreementTest - [SKIPPED]
14:35:28.198 [main] INFO  org.example.InfoReporter - Test: fillCostumerMadCodeTes - [Starting...]
14:35:28.199 [main] WARN  org.example.InfoReporter - Test: fillCostumerMadCodeTes - [SKIPPED]
14:35:28.200 [main] INFO  org.example.InfoReporter - Test: fillAllFields - [Starting...]
14:35:28.200 [main] WARN  org.example.InfoReporter - Test: fillAllFields - [SKIPPED]
14:36:17.384 [main] INFO  org.example.InfoReporter - ### Reading Environment Properties File ###
14:36:17.389 [main] INFO  org.example.InfoReporter - Browser: chrome
14:36:17.390 [main] INFO  org.example.InfoReporter - SetUp the Browser
14:36:20.521 [main] INFO  org.example.InfoReporter - Staring MainTask - HomePage
14:36:20.523 [main] INFO  org.example.InfoReporter - +++Setting Up Factory+++
14:36:40.899 [main] INFO  org.example.InfoReporter - +++Setting Up Factory+++
14:36:40.920 [main] INFO  org.example.InfoReporter - Test: accessToAgreementListTest - [Starting...]
14:36:40.920 [main] INFO  org.example.InfoReporter - TEST-> Correct Access to OBI
14:36:40.920 [main] INFO  org.example.InfoReporter - Loading Wait...
14:36:48.115 [main] INFO  org.example.InfoReporter - Test: accessToAgreementListTest - [PASSED]
14:36:48.307 [main] INFO  org.example.InfoReporter - Snapshot saved in: screenshots/accessToAgreementListTest_20231014143648.png
14:36:48.311 [main] INFO  org.example.InfoReporter - Test: changeToCreateAgreementTest - [Starting...]
14:36:48.426 [main] INFO  org.example.InfoReporter - Loading Wait...
14:36:49.572 [main] INFO  org.example.InfoReporter - +++Setting Up Factory+++
14:36:49.575 [main] INFO  org.example.InfoReporter - TEST-> Click on Create New Agreement
14:36:49.581 [main] INFO  org.example.InfoReporter - Test: changeToCreateAgreementTest - [PASSED]
14:36:49.736 [main] INFO  org.example.InfoReporter - Snapshot saved in: screenshots/changeToCreateAgreementTest_20231014143649.png
14:36:49.737 [main] INFO  org.example.InfoReporter - Test: fillCostumerMadCodeTes - [Starting...]
14:36:49.846 [main] INFO  org.example.InfoReporter - TEST-> End To End - System Call - CostumerByMadCode
14:36:49.929 [main] INFO  org.example.InfoReporter - Loading Wait...
14:36:52.214 [main] INFO  org.example.InfoReporter - Test: fillCostumerMadCodeTes - [PASSED]
14:36:52.396 [main] INFO  org.example.InfoReporter - Snapshot saved in: screenshots/fillCostumerMadCodeTes_20231014143652.png
14:36:52.397 [main] INFO  org.example.InfoReporter - Test: fillAllFields - [Starting...]
14:36:52.397 [main] INFO  org.example.InfoReporter - TEST-> Complete Forms
14:36:52.685 [main] INFO  org.example.InfoReporter - Test: fillAllFields - [PASSED]
14:36:52.860 [main] INFO  org.example.InfoReporter - Snapshot saved in: screenshots/fillAllFields_20231014143652.png
14:39:01.492 [main] INFO  org.example.InfoReporter - ### Reading Environment Properties File ###
14:39:01.496 [main] INFO  org.example.InfoReporter - Browser: chrome
14:39:01.498 [main] INFO  org.example.InfoReporter - SetUp the Browser
14:39:05.118 [main] INFO  org.example.InfoReporter - Staring MainTask - HomePage
14:39:05.121 [main] INFO  org.example.InfoReporter - +++Setting Up Factory+++
14:39:23.776 [main] INFO  org.example.InfoReporter - +++Setting Up Factory+++
14:39:23.798 [main] INFO  org.example.InfoReporter - Test: accessToAgreementListTest - [Starting...]
14:39:23.799 [main] INFO  org.example.InfoReporter - TEST-> Correct Access to OBI
14:39:23.799 [main] INFO  org.example.InfoReporter - Loading Wait...
14:39:31.000 [main] INFO  org.example.InfoReporter - Test: accessToAgreementListTest - [PASSED]
14:39:31.180 [main] INFO  org.example.InfoReporter - Snapshot saved in: accessToAgreementListTest/20231014143931.png
14:39:31.184 [main] INFO  org.example.InfoReporter - Test: changeToCreateAgreementTest - [Starting...]
14:39:31.277 [main] INFO  org.example.InfoReporter - Loading Wait...
14:39:32.381 [main] INFO  org.example.InfoReporter - +++Setting Up Factory+++
14:39:32.381 [main] INFO  org.example.InfoReporter - TEST-> Click on Create New Agreement
14:39:32.387 [main] INFO  org.example.InfoReporter - Test: changeToCreateAgreementTest - [PASSED]
14:39:32.524 [main] INFO  org.example.InfoReporter - Snapshot saved in: changeToCreateAgreementTest/20231014143932.png
14:39:32.525 [main] INFO  org.example.InfoReporter - Test: fillCostumerMadCodeTes - [Starting...]
14:39:32.714 [main] INFO  org.example.InfoReporter - TEST-> End To End - System Call - CostumerByMadCode
14:39:32.796 [main] INFO  org.example.InfoReporter - Loading Wait...
14:39:34.497 [main] INFO  org.example.InfoReporter - Test: fillCostumerMadCodeTes - [PASSED]
14:39:34.715 [main] INFO  org.example.InfoReporter - Snapshot saved in: fillCostumerMadCodeTes/20231014143934.png
14:39:34.716 [main] INFO  org.example.InfoReporter - Test: fillAllFields - [Starting...]
14:39:34.717 [main] INFO  org.example.InfoReporter - TEST-> Complete Forms
14:39:35.024 [main] INFO  org.example.InfoReporter - Test: fillAllFields - [PASSED]
14:39:35.224 [main] INFO  org.example.InfoReporter - Snapshot saved in: fillAllFields/20231014143935.png
14:39:55.682 [main] INFO  org.example.InfoReporter - ### Reading Environment Properties File ###
14:39:55.686 [main] INFO  org.example.InfoReporter - Browser: chrome
14:39:55.687 [main] INFO  org.example.InfoReporter - SetUp the Browser
14:39:59.315 [main] INFO  org.example.InfoReporter - Staring MainTask - HomePage
14:39:59.317 [main] INFO  org.example.InfoReporter - +++Setting Up Factory+++
14:40:17.905 [main] INFO  org.example.InfoReporter - +++Setting Up Factory+++
14:40:17.923 [main] INFO  org.example.InfoReporter - Test: accessToAgreementListTest - [Starting...]
14:40:17.923 [main] INFO  org.example.InfoReporter - TEST-> Correct Access to OBI
14:40:17.923 [main] INFO  org.example.InfoReporter - Loading Wait...
14:40:24.458 [main] INFO  org.example.InfoReporter - Test: accessToAgreementListTest - [PASSED]
14:40:24.655 [main] INFO  org.example.InfoReporter - Snapshot saved in: accessToAgreementListTest/20231014144024.png
14:40:24.659 [main] INFO  org.example.InfoReporter - Test: changeToCreateAgreementTest - [Starting...]
14:40:24.760 [main] INFO  org.example.InfoReporter - Loading Wait...
14:40:25.390 [main] INFO  org.example.InfoReporter - +++Setting Up Factory+++
14:40:25.391 [main] INFO  org.example.InfoReporter - TEST-> Click on Create New Agreement
14:40:25.399 [main] INFO  org.example.InfoReporter - Test: changeToCreateAgreementTest - [PASSED]
14:40:25.570 [main] INFO  org.example.InfoReporter - Snapshot saved in: changeToCreateAgreementTest/20231014144025.png
14:40:25.571 [main] INFO  org.example.InfoReporter - Test: fillCostumerMadCodeTes - [Starting...]
14:40:25.677 [main] INFO  org.example.InfoReporter - TEST-> End To End - System Call - CostumerByMadCode
14:40:25.768 [main] INFO  org.example.InfoReporter - Loading Wait...
14:40:26.891 [main] INFO  org.example.InfoReporter - Test: fillCostumerMadCodeTes - [PASSED]
14:40:27.039 [main] INFO  org.example.InfoReporter - Snapshot saved in: fillCostumerMadCodeTes/20231014144027.png
14:40:27.040 [main] INFO  org.example.InfoReporter - Test: fillAllFields - [Starting...]
14:40:27.040 [main] INFO  org.example.InfoReporter - TEST-> Complete Forms
14:40:27.347 [main] INFO  org.example.InfoReporter - Test: fillAllFields - [PASSED]
14:40:27.509 [main] INFO  org.example.InfoReporter - Snapshot saved in: fillAllFields/20231014144027.png
14:42:21.292 [main] INFO  org.example.InfoReporter - ### Reading Environment Properties File ###
14:42:21.301 [main] INFO  org.example.InfoReporter - Browser: chrome
14:42:21.304 [main] INFO  org.example.InfoReporter - SetUp the Browser
14:42:25.758 [main] INFO  org.example.InfoReporter - Staring MainTask - HomePage
14:42:25.761 [main] INFO  org.example.InfoReporter - +++Setting Up Factory+++
14:42:43.969 [main] INFO  org.example.InfoReporter - +++Setting Up Factory+++
14:42:44.000 [main] INFO  org.example.InfoReporter - Test: accessToAgreementListTest - [Starting...]
14:42:44.000 [main] INFO  org.example.InfoReporter - TEST-> Correct Access to OBI
14:42:44.001 [main] INFO  org.example.InfoReporter - Loading Wait...
14:42:51.168 [main] INFO  org.example.InfoReporter - Test: accessToAgreementListTest - [PASSED]
14:42:51.337 [main] INFO  org.example.InfoReporter - Failed to capture and save the snapshot: src\info\bugs\accessToAgreementListTest\2023-10-14 14:42:51.png (The filename, directory name, or volume label syntax is incorrect)
14:42:51.341 [main] INFO  org.example.InfoReporter - Test: changeToCreateAgreementTest - [Starting...]
14:42:51.467 [main] INFO  org.example.InfoReporter - Loading Wait...
14:42:52.182 [main] INFO  org.example.InfoReporter - +++Setting Up Factory+++
14:42:52.184 [main] INFO  org.example.InfoReporter - TEST-> Click on Create New Agreement
14:42:52.194 [main] INFO  org.example.InfoReporter - Test: changeToCreateAgreementTest - [PASSED]
14:42:52.387 [main] INFO  org.example.InfoReporter - Failed to capture and save the snapshot: src\info\bugs\changeToCreateAgreementTest\2023-10-14 14:42:52.png (The filename, directory name, or volume label syntax is incorrect)
14:42:52.389 [main] INFO  org.example.InfoReporter - Test: fillCostumerMadCodeTes - [Starting...]
14:42:52.527 [main] INFO  org.example.InfoReporter - TEST-> End To End - System Call - CostumerByMadCode
14:42:52.624 [main] INFO  org.example.InfoReporter - Loading Wait...
14:42:53.787 [main] INFO  org.example.InfoReporter - Test: fillCostumerMadCodeTes - [PASSED]
14:42:53.945 [main] INFO  org.example.InfoReporter - Failed to capture and save the snapshot: src\info\bugs\fillCostumerMadCodeTes\2023-10-14 14:42:53.png (The filename, directory name, or volume label syntax is incorrect)
14:42:53.946 [main] INFO  org.example.InfoReporter - Test: fillAllFields - [Starting...]
14:42:53.947 [main] INFO  org.example.InfoReporter - TEST-> Complete Forms
14:42:54.377 [main] INFO  org.example.InfoReporter - Test: fillAllFields - [PASSED]
14:42:54.569 [main] INFO  org.example.InfoReporter - Failed to capture and save the snapshot: src\info\bugs\fillAllFields\2023-10-14 14:42:54.png (The filename, directory name, or volume label syntax is incorrect)
14:47:14.102 [main] INFO  org.example.InfoReporter - ### Reading Environment Properties File ###
14:47:14.107 [main] INFO  org.example.InfoReporter - Browser: chrome
14:47:14.108 [main] INFO  org.example.InfoReporter - SetUp the Browser
14:47:17.002 [main] INFO  org.example.InfoReporter - Staring MainTask - HomePage
14:47:17.009 [main] INFO  org.example.InfoReporter - +++Setting Up Factory+++
14:47:36.477 [main] INFO  org.example.InfoReporter - +++Setting Up Factory+++
14:47:36.495 [main] INFO  org.example.InfoReporter - Test: accessToAgreementListTest - [Starting...]
14:47:36.495 [main] INFO  org.example.InfoReporter - TEST-> Correct Access to OBI
14:47:36.495 [main] INFO  org.example.InfoReporter - Loading Wait...
14:47:45.339 [main] INFO  org.example.InfoReporter - Test: accessToAgreementListTest - [PASSED]
14:47:45.505 [main] INFO  org.example.InfoReporter - Snapshot saved in: accessToAgreementListTest/2023-10-14_14-47-45.png
14:47:45.508 [main] INFO  org.example.InfoReporter - Test: changeToCreateAgreementTest - [Starting...]
14:47:45.610 [main] INFO  org.example.InfoReporter - Loading Wait...
14:47:46.800 [main] INFO  org.example.InfoReporter - +++Setting Up Factory+++
14:47:46.801 [main] INFO  org.example.InfoReporter - TEST-> Click on Create New Agreement
14:47:46.808 [main] INFO  org.example.InfoReporter - Test: changeToCreateAgreementTest - [PASSED]
14:47:46.984 [main] INFO  org.example.InfoReporter - Snapshot saved in: changeToCreateAgreementTest/2023-10-14_14-47-46.png
14:47:46.986 [main] INFO  org.example.InfoReporter - Test: fillCostumerMadCodeTes - [Starting...]
14:47:47.084 [main] INFO  org.example.InfoReporter - TEST-> End To End - System Call - CostumerByMadCode
14:47:47.147 [main] INFO  org.example.InfoReporter - Loading Wait...
14:47:48.830 [main] INFO  org.example.InfoReporter - Test: fillCostumerMadCodeTes - [PASSED]
14:47:48.991 [main] INFO  org.example.InfoReporter - Snapshot saved in: fillCostumerMadCodeTes/2023-10-14_14-47-48.png
14:47:48.992 [main] INFO  org.example.InfoReporter - Test: fillAllFields - [Starting...]
14:47:48.992 [main] INFO  org.example.InfoReporter - TEST-> Complete Forms
14:47:49.295 [main] INFO  org.example.InfoReporter - Test: fillAllFields - [PASSED]
14:47:49.468 [main] INFO  org.example.InfoReporter - Snapshot saved in: fillAllFields/2023-10-14_14-47-49.png
