17:54:48.040 [main] INFO  org.example.InfoReporter - ### Reading Environment Properties File ###
17:54:48.044 [main] INFO  org.example.InfoReporter - Browser: chrome
17:54:48.046 [main] INFO  org.example.InfoReporter - SetUp the Browser
17:54:52.371 [main] INFO  org.example.InfoReporter - Staring MainTask - HomePage
17:54:52.375 [main] INFO  org.example.InfoReporter - +++Setting Up Factory+++
17:55:12.834 [main] INFO  org.example.InfoReporter - +++Setting Up Factory+++
17:55:12.852 [main] INFO  org.example.InfoReporter - Test: accessToAgreementListTest - [Starting...]
17:55:12.852 [main] INFO  org.example.InfoReporter - TEST-> Correct Access to OBI
17:55:12.852 [main] INFO  org.example.InfoReporter - Loading Wait...
17:55:16.696 [main] INFO  org.example.InfoReporter - Test: accessToAgreementListTest - [FAIL]
17:55:16.859 [main] INFO  org.example.InfoReporter - Snapshot saved in: accessToAgreementListTest/2023-10-14_17-55-16.png
17:55:16.868 [main] INFO  org.example.InfoReporter - Test: changeToCreateAgreementTest - [Starting...]
17:55:16.868 [main] WARN  org.example.InfoReporter - Test: changeToCreateAgreementTest - [SKIPPED]
17:55:16.869 [main] INFO  org.example.InfoReporter - Test: fillCostumerMadCodeTes - [Starting...]
17:55:16.869 [main] WARN  org.example.InfoReporter - Test: fillCostumerMadCodeTes - [SKIPPED]
17:55:16.870 [main] INFO  org.example.InfoReporter - Test: fillAllFields - [Starting...]
17:55:16.870 [main] WARN  org.example.InfoReporter - Test: fillAllFields - [SKIPPED]
18:17:20.161 [main] INFO  org.example.InfoReporter - ### Reading Environment Properties File ###
18:17:20.165 [main] INFO  org.example.InfoReporter - Browser: chrome
18:17:20.167 [main] INFO  org.example.InfoReporter - SetUp the Browser
18:17:24.501 [main] INFO  org.example.InfoReporter - Staring MainTask - HomePage
18:17:24.504 [main] INFO  org.example.InfoReporter - +++Setting Up Factory+++
18:18:00.087 [main] INFO  org.example.InfoReporter - +++Setting Up Factory+++
18:18:00.113 [main] INFO  org.example.InfoReporter - Test: accessToAgreementListTest - [Starting...]
18:18:00.114 [main] INFO  org.example.InfoReporter - TEST-> Correct Access to OBI
18:18:00.115 [main] INFO  org.example.InfoReporter - Loading Wait...
18:18:09.226 [main] INFO  org.example.InfoReporter - Test: accessToAgreementListTest - [PASSED]
18:18:09.454 [main] INFO  org.example.InfoReporter - Snapshot saved in: accessToAgreementListTest/2023-10-14_18-18-09.png
18:18:09.462 [main] INFO  org.example.InfoReporter - Test: changeToCreateAgreementTest - [Starting...]
18:18:09.673 [main] INFO  org.example.InfoReporter - Loading Wait...
18:18:10.303 [main] INFO  org.example.InfoReporter - +++Setting Up Factory+++
18:18:10.305 [main] INFO  org.example.InfoReporter - TEST-> Click on Create New Agreement
18:18:10.321 [main] INFO  org.example.InfoReporter - Test: changeToCreateAgreementTest - [PASSED]
18:18:10.528 [main] INFO  org.example.InfoReporter - Snapshot saved in: changeToCreateAgreementTest/2023-10-14_18-18-10.png
18:18:10.531 [main] INFO  org.example.InfoReporter - Test: fillCostumerMadCodeTes - [Starting...]
18:18:10.758 [main] INFO  org.example.InfoReporter - TEST-> End To End - System Call - CostumerByMadCode
18:18:10.843 [main] INFO  org.example.InfoReporter - Loading Wait...
18:18:13.137 [main] INFO  org.example.InfoReporter - Test: fillCostumerMadCodeTes - [PASSED]
18:18:13.261 [main] INFO  org.example.InfoReporter - Snapshot saved in: fillCostumerMadCodeTes/2023-10-14_18-18-13.png
18:18:13.264 [main] INFO  org.example.InfoReporter - Test: fillAllFields - [Starting...]
18:18:13.265 [main] INFO  org.example.InfoReporter - TEST-> Complete Forms
18:18:13.670 [main] INFO  org.example.InfoReporter - Test: fillAllFields - [PASSED]
18:18:13.827 [main] INFO  org.example.InfoReporter - Snapshot saved in: fillAllFields/2023-10-14_18-18-13.png
18:18:32.958 [main] INFO  org.example.InfoReporter - ### Reading Environment Properties File ###
18:18:32.962 [main] INFO  org.example.InfoReporter - Browser: chrome
18:18:32.964 [main] INFO  org.example.InfoReporter - SetUp the Browser
18:18:37.135 [main] INFO  org.example.InfoReporter - Staring MainTask - HomePage
18:18:37.141 [main] INFO  org.example.InfoReporter - +++Setting Up Factory+++
18:19:41.705 [main] INFO  org.example.InfoReporter - +++Setting Up Factory+++
18:19:41.724 [main] INFO  org.example.InfoReporter - Test: accessToAgreementListTest - [Starting...]
18:19:41.724 [main] INFO  org.example.InfoReporter - TEST-> Correct Access to OBI
18:19:41.724 [main] INFO  org.example.InfoReporter - Loading Wait...
18:19:55.347 [main] INFO  org.example.InfoReporter - Test: accessToAgreementListTest - [PASSED]
18:19:55.641 [main] INFO  org.example.InfoReporter - Snapshot saved in: accessToAgreementListTest/2023-10-14_18-19-55.png
18:19:55.648 [main] INFO  org.example.InfoReporter - Test: changeToCreateAgreementTest - [Starting...]
18:19:55.795 [main] INFO  org.example.InfoReporter - Loading Wait...
18:19:57.096 [main] INFO  org.example.InfoReporter - +++Setting Up Factory+++
18:19:57.102 [main] INFO  org.example.InfoReporter - TEST-> Click on Create New Agreement
18:19:57.136 [main] INFO  org.example.InfoReporter - Test: changeToCreateAgreementTest - [PASSED]
18:19:57.427 [main] INFO  org.example.InfoReporter - Snapshot saved in: changeToCreateAgreementTest/2023-10-14_18-19-57.png
18:19:57.430 [main] INFO  org.example.InfoReporter - Test: fillCostumerMadCodeTes - [Starting...]
18:19:57.619 [main] INFO  org.example.InfoReporter - TEST-> End To End - System Call - CostumerByMadCode
18:19:57.748 [main] INFO  org.example.InfoReporter - Loading Wait...
18:19:59.458 [main] INFO  org.example.InfoReporter - Test: fillCostumerMadCodeTes - [PASSED]
18:19:59.676 [main] INFO  org.example.InfoReporter - Snapshot saved in: fillCostumerMadCodeTes/2023-10-14_18-19-59.png
18:19:59.678 [main] INFO  org.example.InfoReporter - Test: fillAllFields - [Starting...]
18:19:59.679 [main] INFO  org.example.InfoReporter - TEST-> Complete Forms
18:20:00.373 [main] INFO  org.example.InfoReporter - Test: fillAllFields - [PASSED]
18:20:00.538 [main] INFO  org.example.InfoReporter - Snapshot saved in: fillAllFields/2023-10-14_18-20-00.png
18:20:08.827 [main] INFO  org.example.InfoReporter - ### Reading Environment Properties File ###
18:20:08.831 [main] INFO  org.example.InfoReporter - Browser: chrome
18:20:08.833 [main] INFO  org.example.InfoReporter - SetUp the Browser
18:20:12.775 [main] INFO  org.example.InfoReporter - Staring MainTask - HomePage
18:20:12.780 [main] INFO  org.example.InfoReporter - +++Setting Up Factory+++
18:20:47.469 [main] INFO  org.example.InfoReporter - +++Setting Up Factory+++
18:20:47.491 [main] INFO  org.example.InfoReporter - Test: accessToAgreementListTest - [Starting...]
18:20:47.492 [main] INFO  org.example.InfoReporter - TEST-> Correct Access to OBI
18:20:47.492 [main] INFO  org.example.InfoReporter - Loading Wait...
18:20:59.952 [main] INFO  org.example.InfoReporter - Test: accessToAgreementListTest - [PASSED]
18:21:00.174 [main] INFO  org.example.InfoReporter - Snapshot saved in: accessToAgreementListTest/2023-10-14_18-21-00.png
18:21:00.182 [main] INFO  org.example.InfoReporter - Test: changeToCreateAgreementTest - [Starting...]
18:21:00.356 [main] INFO  org.example.InfoReporter - Loading Wait...
18:21:03.197 [main] INFO  org.example.InfoReporter - +++Setting Up Factory+++
18:21:03.200 [main] INFO  org.example.InfoReporter - TEST-> Click on Create New Agreement
18:21:03.212 [main] INFO  org.example.InfoReporter - Test: changeToCreateAgreementTest - [PASSED]
18:21:03.392 [main] INFO  org.example.InfoReporter - Snapshot saved in: changeToCreateAgreementTest/2023-10-14_18-21-03.png
18:21:03.394 [main] INFO  org.example.InfoReporter - Test: fillCostumerMadCodeTes - [Starting...]
18:21:03.515 [main] INFO  org.example.InfoReporter - TEST-> End To End - System Call - CostumerByMadCode
18:21:03.592 [main] INFO  org.example.InfoReporter - Loading Wait...
18:21:04.921 [main] INFO  org.example.InfoReporter - Test: fillCostumerMadCodeTes - [PASSED]
18:21:05.131 [main] INFO  org.example.InfoReporter - Snapshot saved in: fillCostumerMadCodeTes/2023-10-14_18-21-05.png
18:21:05.135 [main] INFO  org.example.InfoReporter - Test: fillAllFields - [Starting...]
18:21:05.136 [main] INFO  org.example.InfoReporter - TEST-> Complete Forms
18:21:05.886 [main] INFO  org.example.InfoReporter - Test: fillAllFields - [PASSED]
18:21:06.174 [main] INFO  org.example.InfoReporter - Snapshot saved in: fillAllFields/2023-10-14_18-21-06.png
18:21:19.553 [main] INFO  org.example.InfoReporter - ### Reading Environment Properties File ###
18:21:19.561 [main] INFO  org.example.InfoReporter - Browser: chrome
18:21:19.564 [main] INFO  org.example.InfoReporter - SetUp the Browser
18:21:23.635 [main] INFO  org.example.InfoReporter - Staring MainTask - HomePage
18:21:23.640 [main] INFO  org.example.InfoReporter - +++Setting Up Factory+++
18:21:45.259 [main] INFO  org.example.InfoReporter - +++Setting Up Factory+++
18:21:45.287 [main] INFO  org.example.InfoReporter - Test: accessToAgreementListTest - [Starting...]
18:21:45.287 [main] INFO  org.example.InfoReporter - TEST-> Correct Access to OBI
18:21:45.288 [main] INFO  org.example.InfoReporter - Loading Wait...
18:21:53.626 [main] INFO  org.example.InfoReporter - Test: accessToAgreementListTest - [PASSED]
18:21:53.965 [main] INFO  org.example.InfoReporter - Snapshot saved in: accessToAgreementListTest/2023-10-14_18-21-53.png
18:21:53.968 [main] INFO  org.example.InfoReporter - Test: changeToCreateAgreementTest - [Starting...]
18:21:54.151 [main] INFO  org.example.InfoReporter - Loading Wait...
18:21:55.038 [main] INFO  org.example.InfoReporter - +++Setting Up Factory+++
18:21:55.039 [main] INFO  org.example.InfoReporter - TEST-> Click on Create New Agreement
18:21:55.047 [main] INFO  org.example.InfoReporter - Test: changeToCreateAgreementTest - [PASSED]
18:21:55.312 [main] INFO  org.example.InfoReporter - Snapshot saved in: changeToCreateAgreementTest/2023-10-14_18-21-55.png
18:21:55.314 [main] INFO  org.example.InfoReporter - Test: fillCostumerMadCodeTes - [Starting...]
18:21:55.490 [main] INFO  org.example.InfoReporter - TEST-> End To End - System Call - CostumerByMadCode
18:21:55.645 [main] INFO  org.example.InfoReporter - Loading Wait...
18:21:56.843 [main] INFO  org.example.InfoReporter - Test: fillCostumerMadCodeTes - [PASSED]
18:21:57.110 [main] INFO  org.example.InfoReporter - Snapshot saved in: fillCostumerMadCodeTes/2023-10-14_18-21-57.png
18:21:57.112 [main] INFO  org.example.InfoReporter - Test: fillAllFields - [Starting...]
18:21:57.113 [main] INFO  org.example.InfoReporter - TEST-> Complete Forms
18:21:57.666 [main] INFO  org.example.InfoReporter - Test: fillAllFields - [PASSED]
18:21:57.937 [main] INFO  org.example.InfoReporter - Snapshot saved in: fillAllFields/2023-10-14_18-21-57.png
18:22:47.117 [main] INFO  org.example.InfoReporter - ### Reading Environment Properties File ###
18:22:47.121 [main] INFO  org.example.InfoReporter - Browser: chrome
18:22:47.123 [main] INFO  org.example.InfoReporter - SetUp the Browser
18:22:51.378 [main] INFO  org.example.InfoReporter - Staring MainTask - HomePage
18:22:51.384 [main] INFO  org.example.InfoReporter - +++Setting Up Factory+++
18:23:14.168 [main] INFO  org.example.InfoReporter - Test: accessToAgreementListTest - [Starting...]
18:23:14.168 [main] WARN  org.example.InfoReporter - Test: accessToAgreementListTest - [SKIPPED]
18:23:14.171 [main] INFO  org.example.InfoReporter - Test: changeToCreateAgreementTest - [Starting...]
18:23:14.171 [main] WARN  org.example.InfoReporter - Test: changeToCreateAgreementTest - [SKIPPED]
18:23:14.175 [main] INFO  org.example.InfoReporter - Test: fillCostumerMadCodeTes - [Starting...]
18:23:14.175 [main] WARN  org.example.InfoReporter - Test: fillCostumerMadCodeTes - [SKIPPED]
18:23:14.176 [main] INFO  org.example.InfoReporter - Test: fillAllFields - [Starting...]
18:23:14.176 [main] WARN  org.example.InfoReporter - Test: fillAllFields - [SKIPPED]
18:24:07.303 [main] INFO  org.example.InfoReporter - ### Reading Environment Properties File ###
18:24:07.311 [main] INFO  org.example.InfoReporter - Browser: chrome
18:24:07.313 [main] INFO  org.example.InfoReporter - SetUp the Browser
18:24:11.339 [main] INFO  org.example.InfoReporter - Staring MainTask - HomePage
18:24:11.342 [main] INFO  org.example.InfoReporter - +++Setting Up Factory+++
18:24:34.818 [main] INFO  org.example.InfoReporter - +++Setting Up Factory+++
18:24:34.910 [main] INFO  org.example.InfoReporter - Test: accessToAgreementListTest - [Starting...]
18:24:34.910 [main] INFO  org.example.InfoReporter - TEST-> Correct Access to OBI
18:24:34.911 [main] INFO  org.example.InfoReporter - Loading Wait...
18:24:45.873 [main] INFO  org.example.InfoReporter - Test: accessToAgreementListTest - [PASSED]
18:24:46.091 [main] INFO  org.example.InfoReporter - Snapshot saved in: accessToAgreementListTest/2023-10-14_18-24-46.png
18:24:46.099 [main] INFO  org.example.InfoReporter - Test: changeToCreateAgreementTest - [Starting...]
18:24:46.244 [main] INFO  org.example.InfoReporter - Loading Wait...
18:24:47.105 [main] INFO  org.example.InfoReporter - +++Setting Up Factory+++
18:24:47.108 [main] INFO  org.example.InfoReporter - TEST-> Click on Create New Agreement
18:24:47.129 [main] INFO  org.example.InfoReporter - Test: changeToCreateAgreementTest - [PASSED]
18:24:47.392 [main] INFO  org.example.InfoReporter - Snapshot saved in: changeToCreateAgreementTest/2023-10-14_18-24-47.png
18:24:47.395 [main] INFO  org.example.InfoReporter - Test: fillCostumerMadCodeTes - [Starting...]
18:24:47.550 [main] INFO  org.example.InfoReporter - TEST-> End To End - System Call - CostumerByMadCode
18:24:47.708 [main] INFO  org.example.InfoReporter - Loading Wait...
18:24:49.026 [main] INFO  org.example.InfoReporter - Test: fillCostumerMadCodeTes - [PASSED]
18:24:49.192 [main] INFO  org.example.InfoReporter - Snapshot saved in: fillCostumerMadCodeTes/2023-10-14_18-24-49.png
18:24:49.194 [main] INFO  org.example.InfoReporter - Test: fillAllFields - [Starting...]
18:24:49.195 [main] INFO  org.example.InfoReporter - TEST-> Complete Forms
18:24:49.647 [main] INFO  org.example.InfoReporter - Test: fillAllFields - [PASSED]
18:24:49.891 [main] INFO  org.example.InfoReporter - Snapshot saved in: fillAllFields/2023-10-14_18-24-49.png
18:25:37.541 [main] INFO  org.example.InfoReporter - ### Reading Environment Properties File ###
18:25:37.546 [main] INFO  org.example.InfoReporter - Browser: chrome
18:25:37.548 [main] INFO  org.example.InfoReporter - SetUp the Browser
18:25:42.096 [main] INFO  org.example.InfoReporter - Staring MainTask - HomePage
18:25:42.103 [main] INFO  org.example.InfoReporter - +++Setting Up Factory+++
18:26:11.144 [main] INFO  org.example.InfoReporter - Test: accessToAgreementListTest - [Starting...]
18:26:11.145 [main] WARN  org.example.InfoReporter - Test: accessToAgreementListTest - [SKIPPED]
18:26:11.155 [main] INFO  org.example.InfoReporter - Test: changeToCreateAgreementTest - [Starting...]
18:26:11.155 [main] WARN  org.example.InfoReporter - Test: changeToCreateAgreementTest - [SKIPPED]
18:26:11.160 [main] INFO  org.example.InfoReporter - Test: fillCostumerMadCodeTes - [Starting...]
18:26:11.161 [main] WARN  org.example.InfoReporter - Test: fillCostumerMadCodeTes - [SKIPPED]
18:26:11.164 [main] INFO  org.example.InfoReporter - Test: fillAllFields - [Starting...]
18:26:11.164 [main] WARN  org.example.InfoReporter - Test: fillAllFields - [SKIPPED]
18:28:19.355 [main] INFO  org.example.InfoReporter - ### Reading Environment Properties File ###
18:28:19.359 [main] INFO  org.example.InfoReporter - Browser: chrome
18:28:19.360 [main] INFO  org.example.InfoReporter - SetUp the Browser
18:28:23.640 [main] INFO  org.example.InfoReporter - Staring MainTask - HomePage
18:28:23.645 [main] INFO  org.example.InfoReporter - +++Setting Up Factory+++
18:28:45.003 [main] INFO  org.example.InfoReporter - Test: accessToAgreementListTest - [Starting...]
18:28:45.003 [main] WARN  org.example.InfoReporter - Test: accessToAgreementListTest - [SKIPPED]
18:28:45.006 [main] INFO  org.example.InfoReporter - Test: changeToCreateAgreementTest - [Starting...]
18:28:45.007 [main] WARN  org.example.InfoReporter - Test: changeToCreateAgreementTest - [SKIPPED]
18:28:45.008 [main] INFO  org.example.InfoReporter - Test: fillCostumerMadCodeTes - [Starting...]
18:28:45.008 [main] WARN  org.example.InfoReporter - Test: fillCostumerMadCodeTes - [SKIPPED]
18:28:45.009 [main] INFO  org.example.InfoReporter - Test: fillAllFields - [Starting...]
18:28:45.009 [main] WARN  org.example.InfoReporter - Test: fillAllFields - [SKIPPED]
18:33:26.199 [main] INFO  org.example.InfoReporter - ### Reading Environment Properties File ###
18:33:26.206 [main] INFO  org.example.InfoReporter - Browser: chrome
18:33:26.209 [main] INFO  org.example.InfoReporter - SetUp the Browser
18:33:30.756 [main] INFO  org.example.InfoReporter - Staring MainTask - HomePage
18:33:30.766 [main] INFO  org.example.InfoReporter - +++Setting Up Factory+++
18:33:57.714 [main] INFO  org.example.InfoReporter - +++Setting Up Factory+++
18:33:57.754 [main] INFO  org.example.InfoReporter - Test: accessToAgreementListTest - [Starting...]
18:33:57.754 [main] INFO  org.example.InfoReporter - TEST-> Correct Access to OBI
18:33:57.754 [main] INFO  org.example.InfoReporter - Loading Wait...
18:34:07.770 [main] INFO  org.example.InfoReporter - Test: accessToAgreementListTest - [PASSED]
18:34:08.330 [main] INFO  org.example.InfoReporter - Snapshot saved in: accessToAgreementListTest/2023-10-14_18-34-08.png
18:34:08.335 [main] INFO  org.example.InfoReporter - Test: changeToCreateAgreementTest - [Starting...]
18:34:08.469 [main] INFO  org.example.InfoReporter - Loading Wait...
18:34:09.341 [main] INFO  org.example.InfoReporter - +++Setting Up Factory+++
18:34:09.345 [main] INFO  org.example.InfoReporter - TEST-> Click on Create New Agreement
18:34:09.359 [main] INFO  org.example.InfoReporter - Test: changeToCreateAgreementTest - [PASSED]
18:34:09.663 [main] INFO  org.example.InfoReporter - Snapshot saved in: changeToCreateAgreementTest/2023-10-14_18-34-09.png
18:34:09.666 [main] INFO  org.example.InfoReporter - Test: fillCostumerMadCodeTes - [Starting...]
18:34:09.864 [main] INFO  org.example.InfoReporter - TEST-> End To End - System Call - CostumerByMadCode
18:34:10.052 [main] INFO  org.example.InfoReporter - Loading Wait...
18:34:11.314 [main] INFO  org.example.InfoReporter - Test: fillCostumerMadCodeTes - [PASSED]
18:34:11.558 [main] INFO  org.example.InfoReporter - Snapshot saved in: fillCostumerMadCodeTes/2023-10-14_18-34-11.png
18:34:11.559 [main] INFO  org.example.InfoReporter - Test: fillAllFields - [Starting...]
18:34:11.559 [main] INFO  org.example.InfoReporter - TEST-> Complete Forms
18:34:12.184 [main] INFO  org.example.InfoReporter - Test: fillAllFields - [PASSED]
18:34:12.476 [main] INFO  org.example.InfoReporter - Snapshot saved in: fillAllFields/2023-10-14_18-34-12.png
18:36:58.984 [main] INFO  org.example.InfoReporter - ### Reading Environment Properties File ###
18:36:58.989 [main] INFO  org.example.InfoReporter - Browser: chrome
18:36:58.992 [main] INFO  org.example.InfoReporter - SetUp the Browser
18:37:02.916 [main] INFO  org.example.InfoReporter - Staring MainTask - HomePage
18:37:02.919 [main] INFO  org.example.InfoReporter - +++Setting Up Factory+++
18:37:45.251 [main] INFO  org.example.InfoReporter - +++Setting Up Factory+++
18:37:45.275 [main] INFO  org.example.InfoReporter - Test: accessToAgreementListTest - [Starting...]
18:37:45.276 [main] INFO  org.example.InfoReporter - TEST-> Correct Access to OBI
18:37:45.276 [main] INFO  org.example.InfoReporter - Loading Wait...
18:37:58.886 [main] INFO  org.example.InfoReporter - Test: accessToAgreementListTest - [PASSED]
18:37:59.144 [main] INFO  org.example.InfoReporter - Snapshot saved in: accessToAgreementListTest/2023-10-14_18-37-59.png
18:37:59.152 [main] INFO  org.example.InfoReporter - Test: changeToCreateAgreementTest - [Starting...]
18:37:59.375 [main] INFO  org.example.InfoReporter - Loading Wait...
18:38:00.225 [main] INFO  org.example.InfoReporter - +++Setting Up Factory+++
18:38:00.227 [main] INFO  org.example.InfoReporter - TEST-> Click on Create New Agreement
18:38:00.241 [main] INFO  org.example.InfoReporter - Test: changeToCreateAgreementTest - [PASSED]
18:38:00.432 [main] INFO  org.example.InfoReporter - Snapshot saved in: changeToCreateAgreementTest/2023-10-14_18-38-00.png
18:38:00.436 [main] INFO  org.example.InfoReporter - Test: fillCostumerMadCodeTes - [Starting...]
18:38:00.618 [main] INFO  org.example.InfoReporter - TEST-> End To End - System Call - CostumerByMadCode
18:38:00.794 [main] INFO  org.example.InfoReporter - Loading Wait...
18:38:02.039 [main] INFO  org.example.InfoReporter - Test: fillCostumerMadCodeTes - [PASSED]
18:38:02.233 [main] INFO  org.example.InfoReporter - Snapshot saved in: fillCostumerMadCodeTes/2023-10-14_18-38-02.png
18:38:02.234 [main] INFO  org.example.InfoReporter - Test: fillAllFields - [Starting...]
18:38:02.235 [main] INFO  org.example.InfoReporter - TEST-> Complete Forms
18:38:02.699 [main] INFO  org.example.InfoReporter - Test: fillAllFields - [PASSED]
18:38:02.981 [main] INFO  org.example.InfoReporter - Snapshot saved in: fillAllFields/2023-10-14_18-38-02.png
19:25:15.541 [main] INFO  org.example.InfoReporter - ### Reading Environment Properties File ###
19:25:15.545 [main] INFO  org.example.InfoReporter - Browser: chrome
19:25:15.547 [main] INFO  org.example.InfoReporter - SetUp the Browser
19:25:22.318 [main] INFO  org.example.InfoReporter - Staring MainTask - HomePage
19:25:22.325 [main] INFO  org.example.InfoReporter - +++Setting Up Factory+++
19:25:46.169 [main] INFO  org.example.InfoReporter - +++Setting Up Factory+++
19:25:46.240 [main] INFO  org.example.InfoReporter - Test: accessToAgreementListTest - [Starting...]
19:25:46.241 [main] INFO  org.example.InfoReporter - TEST-> Correct Access to OBI
19:25:46.241 [main] INFO  org.example.InfoReporter - Loading Wait...
19:26:00.661 [main] INFO  org.example.InfoReporter - Test: accessToAgreementListTest - [PASSED]
19:26:00.930 [main] INFO  org.example.InfoReporter - Snapshot saved in: accessToAgreementListTest/2023-10-14_19-26-00.png
19:26:00.939 [main] INFO  org.example.InfoReporter - Test: changeToCreateAgreementTest - [Starting...]
19:26:01.140 [main] INFO  org.example.InfoReporter - Loading Wait...
19:26:03.238 [main] INFO  org.example.InfoReporter - +++Setting Up Factory+++
19:26:03.240 [main] INFO  org.example.InfoReporter - TEST-> Click on Create New Agreement
19:26:03.253 [main] INFO  org.example.InfoReporter - Test: changeToCreateAgreementTest - [PASSED]
19:26:03.471 [main] INFO  org.example.InfoReporter - Snapshot saved in: changeToCreateAgreementTest/2023-10-14_19-26-03.png
19:26:03.475 [main] INFO  org.example.InfoReporter - Test: fillCostumerMadCodeTes - [Starting...]
19:26:03.611 [main] INFO  org.example.InfoReporter - TEST-> End To End - System Call - CostumerByMadCode
19:26:03.698 [main] INFO  org.example.InfoReporter - Loading Wait...
19:26:05.657 [main] INFO  org.example.InfoReporter - Test: fillCostumerMadCodeTes - [PASSED]
19:26:05.872 [main] INFO  org.example.InfoReporter - Snapshot saved in: fillCostumerMadCodeTes/2023-10-14_19-26-05.png
19:26:05.875 [main] INFO  org.example.InfoReporter - Test: fillAllFields - [Starting...]
19:26:05.875 [main] INFO  org.example.InfoReporter - TEST-> Complete Forms
19:26:06.412 [main] INFO  org.example.InfoReporter - Test: fillAllFields - [PASSED]
19:26:06.602 [main] INFO  org.example.InfoReporter - Snapshot saved in: fillAllFields/2023-10-14_19-26-06.png
